{"/Users/yaroslav/PhpstormProjects/react-global-mentoring-program/src/index.js": {"path":"/Users/yaroslav/PhpstormProjects/react-global-mentoring-program/src/index.js","statementMap":{"0":{"start":{"line":7,"column":0},"end":{"line":11,"column":36}}},"fnMap":{},"branchMap":{},"s":{"0":0},"f":{},"b":{}}
,"/Users/yaroslav/PhpstormProjects/react-global-mentoring-program/src/store.js": {"path":"/Users/yaroslav/PhpstormProjects/react-global-mentoring-program/src/store.js","statementMap":{"0":{"start":{"line":5,"column":4},"end":{"line":7,"column":65}},"1":{"start":{"line":9,"column":21},"end":{"line":11,"column":1}},"2":{"start":{"line":12,"column":23},"end":{"line":14,"column":1}},"3":{"start":{"line":13,"column":3},"end":{"line":13,"column":58}},"4":{"start":{"line":16,"column":14},"end":{"line":16,"column":42}}},"fnMap":{"0":{"name":"(anonymous_0)","decl":{"start":{"line":12,"column":23},"end":{"line":12,"column":24}},"loc":{"start":{"line":13,"column":3},"end":{"line":13,"column":58}},"line":13}},"branchMap":{"0":{"loc":{"start":{"line":5,"column":4},"end":{"line":7,"column":65}},"type":"cond-expr","locations":[{"start":{"line":7,"column":8},"end":{"line":7,"column":55}},{"start":{"line":7,"column":58},"end":{"line":7,"column":65}}],"line":5},"1":{"loc":{"start":{"line":5,"column":4},"end":{"line":6,"column":47}},"type":"binary-expr","locations":[{"start":{"line":5,"column":4},"end":{"line":5,"column":30}},{"start":{"line":6,"column":4},"end":{"line":6,"column":47}}],"line":5}},"s":{"0":0,"1":0,"2":0,"3":0,"4":0},"f":{"0":0},"b":{"0":[0,0],"1":[0,0]}}
,"/Users/yaroslav/PhpstormProjects/react-global-mentoring-program/src/actions/api.js": {"path":"/Users/yaroslav/PhpstormProjects/react-global-mentoring-program/src/actions/api.js","statementMap":{"0":{"start":{"line":4,"column":4},"end":{"line":6,"column":23}},"1":{"start":{"line":5,"column":26},"end":{"line":5,"column":41}},"2":{"start":{"line":10,"column":4},"end":{"line":12,"column":23}},"3":{"start":{"line":11,"column":26},"end":{"line":11,"column":41}},"4":{"start":{"line":16,"column":4},"end":{"line":22,"column":21}},"5":{"start":{"line":26,"column":4},"end":{"line":32,"column":21}},"6":{"start":{"line":36,"column":4},"end":{"line":38,"column":7}},"7":{"start":{"line":42,"column":16},"end":{"line":42,"column":34}},"8":{"start":{"line":43,"column":18},"end":{"line":45,"column":18}},"9":{"start":{"line":44,"column":18},"end":{"line":44,"column":47}},"10":{"start":{"line":47,"column":4},"end":{"line":47,"column":58}}},"fnMap":{"0":{"name":"loadMovies","decl":{"start":{"line":3,"column":16},"end":{"line":3,"column":26}},"loc":{"start":{"line":3,"column":55},"end":{"line":7,"column":1}},"line":3},"1":{"name":"(anonymous_1)","decl":{"start":{"line":5,"column":14},"end":{"line":5,"column":15}},"loc":{"start":{"line":5,"column":26},"end":{"line":5,"column":41}},"line":5},"2":{"name":"loadMovieDetailsRequest","decl":{"start":{"line":9,"column":16},"end":{"line":9,"column":39}},"loc":{"start":{"line":9,"column":68},"end":{"line":13,"column":1}},"line":9},"3":{"name":"(anonymous_3)","decl":{"start":{"line":11,"column":14},"end":{"line":11,"column":15}},"loc":{"start":{"line":11,"column":26},"end":{"line":11,"column":41}},"line":11},"4":{"name":"createMovieRequest","decl":{"start":{"line":15,"column":16},"end":{"line":15,"column":34}},"loc":{"start":{"line":15,"column":78},"end":{"line":23,"column":1}},"line":15},"5":{"name":"(anonymous_5)","decl":{"start":{"line":15,"column":62},"end":{"line":15,"column":63}},"loc":{"start":{"line":15,"column":74},"end":{"line":15,"column":76}},"line":15},"6":{"name":"editMovieRequest","decl":{"start":{"line":25,"column":16},"end":{"line":25,"column":32}},"loc":{"start":{"line":25,"column":76},"end":{"line":33,"column":1}},"line":25},"7":{"name":"(anonymous_7)","decl":{"start":{"line":25,"column":60},"end":{"line":25,"column":61}},"loc":{"start":{"line":25,"column":72},"end":{"line":25,"column":74}},"line":25},"8":{"name":"removeMovieRequest","decl":{"start":{"line":35,"column":16},"end":{"line":35,"column":34}},"loc":{"start":{"line":35,"column":63},"end":{"line":39,"column":1}},"line":35},"9":{"name":"getUrl","decl":{"start":{"line":41,"column":9},"end":{"line":41,"column":15}},"loc":{"start":{"line":41,"column":44},"end":{"line":48,"column":1}},"line":41},"10":{"name":"(anonymous_10)","decl":{"start":{"line":44,"column":13},"end":{"line":44,"column":14}},"loc":{"start":{"line":44,"column":18},"end":{"line":44,"column":47}},"line":44}},"branchMap":{"0":{"loc":{"start":{"line":15,"column":51},"end":{"line":15,"column":76}},"type":"default-arg","locations":[{"start":{"line":15,"column":62},"end":{"line":15,"column":76}}],"line":15},"1":{"loc":{"start":{"line":25,"column":49},"end":{"line":25,"column":74}},"type":"default-arg","locations":[{"start":{"line":25,"column":60},"end":{"line":25,"column":74}}],"line":25},"2":{"loc":{"start":{"line":41,"column":31},"end":{"line":41,"column":42}},"type":"default-arg","locations":[{"start":{"line":41,"column":40},"end":{"line":41,"column":42}}],"line":41},"3":{"loc":{"start":{"line":47,"column":31},"end":{"line":47,"column":55}},"type":"cond-expr","locations":[{"start":{"line":47,"column":39},"end":{"line":47,"column":50}},{"start":{"line":47,"column":53},"end":{"line":47,"column":55}}],"line":47}},"s":{"0":0,"1":0,"2":0,"3":0,"4":0,"5":0,"6":0,"7":0,"8":0,"9":0,"10":0},"f":{"0":0,"1":0,"2":0,"3":0,"4":0,"5":0,"6":0,"7":0,"8":0,"9":0,"10":0},"b":{"0":[0],"1":[0],"2":[0],"3":[0,0]},"_coverageSchema":"1a1c01bbd47fc00a2c39e90264f33305004495a9","hash":"9653a680ca5d60aed2328cfe4ee87197693e860f"}
,"/Users/yaroslav/PhpstormProjects/react-global-mentoring-program/src/actions/app.js": {"path":"/Users/yaroslav/PhpstormProjects/react-global-mentoring-program/src/actions/app.js","statementMap":{"0":{"start":{"line":3,"column":23},"end":{"line":6,"column":2}},"1":{"start":{"line":3,"column":37},"end":{"line":6,"column":1}},"2":{"start":{"line":8,"column":25},"end":{"line":11,"column":2}},"3":{"start":{"line":8,"column":39},"end":{"line":11,"column":1}},"4":{"start":{"line":13,"column":25},"end":{"line":16,"column":2}},"5":{"start":{"line":13,"column":39},"end":{"line":16,"column":1}}},"fnMap":{"0":{"name":"(anonymous_0)","decl":{"start":{"line":3,"column":23},"end":{"line":3,"column":24}},"loc":{"start":{"line":3,"column":37},"end":{"line":6,"column":1}},"line":3},"1":{"name":"(anonymous_1)","decl":{"start":{"line":8,"column":25},"end":{"line":8,"column":26}},"loc":{"start":{"line":8,"column":39},"end":{"line":11,"column":1}},"line":8},"2":{"name":"(anonymous_2)","decl":{"start":{"line":13,"column":25},"end":{"line":13,"column":26}},"loc":{"start":{"line":13,"column":39},"end":{"line":16,"column":1}},"line":13}},"branchMap":{},"s":{"0":1,"1":1,"2":1,"3":0,"4":1,"5":1},"f":{"0":1,"1":0,"2":1},"b":{},"_coverageSchema":"1a1c01bbd47fc00a2c39e90264f33305004495a9","hash":"96130858dc362aa1906d7dbaa77374aeee437632"}
,"/Users/yaroslav/PhpstormProjects/react-global-mentoring-program/src/actions/movie.js": {"path":"/Users/yaroslav/PhpstormProjects/react-global-mentoring-program/src/actions/movie.js","statementMap":{"0":{"start":{"line":3,"column":32},"end":{"line":6,"column":2}},"1":{"start":{"line":3,"column":46},"end":{"line":6,"column":1}},"2":{"start":{"line":8,"column":32},"end":{"line":11,"column":2}},"3":{"start":{"line":8,"column":46},"end":{"line":11,"column":1}},"4":{"start":{"line":13,"column":27},"end":{"line":16,"column":2}},"5":{"start":{"line":13,"column":41},"end":{"line":16,"column":1}}},"fnMap":{"0":{"name":"(anonymous_0)","decl":{"start":{"line":3,"column":32},"end":{"line":3,"column":33}},"loc":{"start":{"line":3,"column":46},"end":{"line":6,"column":1}},"line":3},"1":{"name":"(anonymous_1)","decl":{"start":{"line":8,"column":32},"end":{"line":8,"column":33}},"loc":{"start":{"line":8,"column":46},"end":{"line":11,"column":1}},"line":8},"2":{"name":"(anonymous_2)","decl":{"start":{"line":13,"column":27},"end":{"line":13,"column":28}},"loc":{"start":{"line":13,"column":41},"end":{"line":16,"column":1}},"line":13}},"branchMap":{},"s":{"0":3,"1":0,"2":3,"3":2,"4":3,"5":0},"f":{"0":0,"1":2,"2":0},"b":{},"_coverageSchema":"1a1c01bbd47fc00a2c39e90264f33305004495a9","hash":"48880fbb5e16bb4b52b837418d08054715e489aa"}
,"/Users/yaroslav/PhpstormProjects/react-global-mentoring-program/src/components/AddMovie/add-movie.js": {"path":"/Users/yaroslav/PhpstormProjects/react-global-mentoring-program/src/components/AddMovie/add-movie.js","statementMap":{"0":{"start":{"line":9,"column":41},"end":{"line":9,"column":63}},"1":{"start":{"line":10,"column":20},"end":{"line":10,"column":28}},"2":{"start":{"line":11,"column":4},"end":{"line":20,"column":6}}},"fnMap":{"0":{"name":"AddMovie","decl":{"start":{"line":8,"column":9},"end":{"line":8,"column":17}},"loc":{"start":{"line":8,"column":20},"end":{"line":21,"column":1}},"line":8}},"branchMap":{"0":{"loc":{"start":{"line":16,"column":13},"end":{"line":18,"column":29}},"type":"binary-expr","locations":[{"start":{"line":16,"column":13},"end":{"line":16,"column":20}},{"start":{"line":16,"column":24},"end":{"line":18,"column":29}}],"line":16}},"s":{"0":3,"1":3,"2":3},"f":{"0":3},"b":{"0":[3,1]},"_coverageSchema":"1a1c01bbd47fc00a2c39e90264f33305004495a9","hash":"ad94e078b1bbef7dfe287a44d2384bbbcccb78f6"}
,"/Users/yaroslav/PhpstormProjects/react-global-mentoring-program/src/components/AddMovie/index.js": {"path":"/Users/yaroslav/PhpstormProjects/react-global-mentoring-program/src/components/AddMovie/index.js","statementMap":{},"fnMap":{},"branchMap":{},"s":{},"f":{},"b":{}}
,"/Users/yaroslav/PhpstormProjects/react-global-mentoring-program/src/components/AddMoviePopup/add-movie-popup.js": {"path":"/Users/yaroslav/PhpstormProjects/react-global-mentoring-program/src/components/AddMoviePopup/add-movie-popup.js","statementMap":{"0":{"start":{"line":19,"column":21},"end":{"line":19,"column":34}},"1":{"start":{"line":20,"column":22},"end":{"line":24,"column":5}},"2":{"start":{"line":21,"column":28},"end":{"line":21,"column":43}},"3":{"start":{"line":23,"column":8},"end":{"line":23,"column":20}},"4":{"start":{"line":25,"column":23},"end":{"line":36,"column":5}},"5":{"start":{"line":26,"column":29},"end":{"line":26,"column":44}},"6":{"start":{"line":28,"column":8},"end":{"line":28,"column":27}},"7":{"start":{"line":29,"column":8},"end":{"line":35,"column":43}},"8":{"start":{"line":30,"column":30},"end":{"line":30,"column":45}},"9":{"start":{"line":32,"column":12},"end":{"line":34,"column":13}},"10":{"start":{"line":33,"column":16},"end":{"line":33,"column":31}},"11":{"start":{"line":35,"column":24},"end":{"line":35,"column":42}},"12":{"start":{"line":37,"column":20},"end":{"line":48,"column":5}},"13":{"start":{"line":49,"column":25},"end":{"line":55,"column":5}},"14":{"start":{"line":50,"column":8},"end":{"line":54,"column":11}},"15":{"start":{"line":51,"column":30},"end":{"line":51,"column":74}},"16":{"start":{"line":51,"column":40},"end":{"line":51,"column":74}},"17":{"start":{"line":53,"column":12},"end":{"line":53,"column":50}},"18":{"start":{"line":57,"column":4},"end":{"line":68,"column":6}},"19":{"start":{"line":72,"column":26},"end":{"line":72,"column":31}},"20":{"start":{"line":74,"column":4},"end":{"line":77,"column":5}}},"fnMap":{"0":{"name":"AddMoviePopup","decl":{"start":{"line":11,"column":9},"end":{"line":11,"column":22}},"loc":{"start":{"line":17,"column":3},"end":{"line":69,"column":1}},"line":17},"1":{"name":"(anonymous_1)","decl":{"start":{"line":20,"column":22},"end":{"line":20,"column":23}},"loc":{"start":{"line":20,"column":34},"end":{"line":24,"column":5}},"line":20},"2":{"name":"(anonymous_2)","decl":{"start":{"line":25,"column":23},"end":{"line":25,"column":24}},"loc":{"start":{"line":25,"column":36},"end":{"line":36,"column":5}},"line":25},"3":{"name":"(anonymous_3)","decl":{"start":{"line":29,"column":26},"end":{"line":29,"column":27}},"loc":{"start":{"line":29,"column":32},"end":{"line":35,"column":9}},"line":29},"4":{"name":"(anonymous_4)","decl":{"start":{"line":35,"column":17},"end":{"line":35,"column":18}},"loc":{"start":{"line":35,"column":24},"end":{"line":35,"column":42}},"line":35},"5":{"name":"(anonymous_5)","decl":{"start":{"line":49,"column":25},"end":{"line":49,"column":26}},"loc":{"start":{"line":49,"column":43},"end":{"line":55,"column":5}},"line":49},"6":{"name":"(anonymous_6)","decl":{"start":{"line":50,"column":50},"end":{"line":50,"column":51}},"loc":{"start":{"line":50,"column":64},"end":{"line":54,"column":9}},"line":50},"7":{"name":"(anonymous_7)","decl":{"start":{"line":51,"column":30},"end":{"line":51,"column":31}},"loc":{"start":{"line":51,"column":40},"end":{"line":51,"column":74}},"line":51},"8":{"name":"mapStateToProps","decl":{"start":{"line":71,"column":9},"end":{"line":71,"column":24}},"loc":{"start":{"line":71,"column":33},"end":{"line":78,"column":1}},"line":71}},"branchMap":{"0":{"loc":{"start":{"line":32,"column":12},"end":{"line":34,"column":13}},"type":"if","locations":[{"start":{"line":32,"column":12},"end":{"line":34,"column":13}},{"start":{"line":32,"column":12},"end":{"line":34,"column":13}}],"line":32}},"s":{"0":4,"1":4,"2":1,"3":1,"4":4,"5":1,"6":1,"7":1,"8":1,"9":1,"10":1,"11":0,"12":4,"13":4,"14":0,"15":0,"16":0,"17":0,"18":4,"19":4,"20":4},"f":{"0":4,"1":1,"2":1,"3":1,"4":0,"5":0,"6":0,"7":0,"8":4},"b":{"0":[1,0]},"_coverageSchema":"1a1c01bbd47fc00a2c39e90264f33305004495a9","hash":"e26bdeb98c59b4d80cf5a2fdde264ab16668fb63"}
,"/Users/yaroslav/PhpstormProjects/react-global-mentoring-program/src/components/AddMoviePopup/index.js": {"path":"/Users/yaroslav/PhpstormProjects/react-global-mentoring-program/src/components/AddMoviePopup/index.js","statementMap":{},"fnMap":{},"branchMap":{},"s":{},"f":{},"b":{},"_coverageSchema":"1a1c01bbd47fc00a2c39e90264f33305004495a9","hash":"5704f4d8f249d8ee0444db353092c4ea763a197b"}
,"/Users/yaroslav/PhpstormProjects/react-global-mentoring-program/src/components/App/app.js": {"path":"/Users/yaroslav/PhpstormProjects/react-global-mentoring-program/src/components/App/app.js","statementMap":{"0":{"start":{"line":11,"column":4},"end":{"line":26,"column":5}},"1":{"start":{"line":29,"column":0},"end":{"line":29,"column":26}}},"fnMap":{"0":{"name":"App","decl":{"start":{"line":10,"column":9},"end":{"line":10,"column":12}},"loc":{"start":{"line":10,"column":15},"end":{"line":27,"column":1}},"line":10}},"branchMap":{},"s":{"0":0,"1":0},"f":{"0":0},"b":{}}
,"/Users/yaroslav/PhpstormProjects/react-global-mentoring-program/src/components/App/index.js": {"path":"/Users/yaroslav/PhpstormProjects/react-global-mentoring-program/src/components/App/index.js","statementMap":{},"fnMap":{},"branchMap":{},"s":{},"f":{},"b":{}}
,"/Users/yaroslav/PhpstormProjects/react-global-mentoring-program/src/components/Button/button.js": {"path":"/Users/yaroslav/PhpstormProjects/react-global-mentoring-program/src/components/Button/button.js","statementMap":{"0":{"start":{"line":7,"column":26},"end":{"line":10,"column":5}},"1":{"start":{"line":12,"column":4},"end":{"line":22,"column":5}},"2":{"start":{"line":14,"column":12},"end":{"line":14,"column":57}},"3":{"start":{"line":15,"column":12},"end":{"line":15,"column":18}},"4":{"start":{"line":17,"column":12},"end":{"line":17,"column":59}},"5":{"start":{"line":18,"column":12},"end":{"line":18,"column":18}},"6":{"start":{"line":20,"column":12},"end":{"line":20,"column":54}},"7":{"start":{"line":21,"column":12},"end":{"line":21,"column":18}},"8":{"start":{"line":24,"column":4},"end":{"line":28,"column":5}},"9":{"start":{"line":31,"column":0},"end":{"line":33,"column":2}},"10":{"start":{"line":35,"column":0},"end":{"line":37,"column":1}}},"fnMap":{"0":{"name":"Button","decl":{"start":{"line":6,"column":9},"end":{"line":6,"column":15}},"loc":{"start":{"line":6,"column":55},"end":{"line":29,"column":1}},"line":6}},"branchMap":{"0":{"loc":{"start":{"line":12,"column":4},"end":{"line":22,"column":5}},"type":"switch","locations":[{"start":{"line":13,"column":8},"end":{"line":15,"column":18}},{"start":{"line":16,"column":8},"end":{"line":18,"column":18}},{"start":{"line":19,"column":8},"end":{"line":21,"column":18}}],"line":12}},"s":{"0":11,"1":11,"2":4,"3":4,"4":4,"5":4,"6":3,"7":3,"8":11,"9":2,"10":2},"f":{"0":11},"b":{"0":[4,4,3]},"_coverageSchema":"1a1c01bbd47fc00a2c39e90264f33305004495a9","hash":"a1e43b417baef509693b01d76c3d664173dbed1d"}
,"/Users/yaroslav/PhpstormProjects/react-global-mentoring-program/src/components/Button/index.js": {"path":"/Users/yaroslav/PhpstormProjects/react-global-mentoring-program/src/components/Button/index.js","statementMap":{},"fnMap":{},"branchMap":{},"s":{},"f":{},"b":{},"_coverageSchema":"1a1c01bbd47fc00a2c39e90264f33305004495a9","hash":"beba7cd55127645bd49ca5da9a8cf4cfbc3320ab"}
,"/Users/yaroslav/PhpstormProjects/react-global-mentoring-program/src/components/Container/container.js": {"path":"/Users/yaroslav/PhpstormProjects/react-global-mentoring-program/src/components/Container/container.js","statementMap":{"0":{"start":{"line":6,"column":25},"end":{"line":8,"column":5}},"1":{"start":{"line":10,"column":4},"end":{"line":12,"column":5}},"2":{"start":{"line":11,"column":8},"end":{"line":11,"column":46}},"3":{"start":{"line":14,"column":4},"end":{"line":16,"column":5}},"4":{"start":{"line":15,"column":8},"end":{"line":15,"column":48}},"5":{"start":{"line":18,"column":4},"end":{"line":22,"column":5}},"6":{"start":{"line":25,"column":0},"end":{"line":31,"column":1}},"7":{"start":{"line":33,"column":0},"end":{"line":35,"column":1}}},"fnMap":{"0":{"name":"Container","decl":{"start":{"line":5,"column":9},"end":{"line":5,"column":18}},"loc":{"start":{"line":5,"column":43},"end":{"line":23,"column":1}},"line":5}},"branchMap":{"0":{"loc":{"start":{"line":10,"column":4},"end":{"line":12,"column":5}},"type":"if","locations":[{"start":{"line":10,"column":4},"end":{"line":12,"column":5}},{"start":{"line":10,"column":4},"end":{"line":12,"column":5}}],"line":10},"1":{"loc":{"start":{"line":14,"column":4},"end":{"line":16,"column":5}},"type":"if","locations":[{"start":{"line":14,"column":4},"end":{"line":16,"column":5}},{"start":{"line":14,"column":4},"end":{"line":16,"column":5}}],"line":14}},"s":{"0":0,"1":0,"2":0,"3":0,"4":0,"5":0,"6":0,"7":0},"f":{"0":0},"b":{"0":[0,0],"1":[0,0]}}
,"/Users/yaroslav/PhpstormProjects/react-global-mentoring-program/src/components/Container/index.js": {"path":"/Users/yaroslav/PhpstormProjects/react-global-mentoring-program/src/components/Container/index.js","statementMap":{},"fnMap":{},"branchMap":{},"s":{},"f":{},"b":{}}
,"/Users/yaroslav/PhpstormProjects/react-global-mentoring-program/src/components/Content/content.js": {"path":"/Users/yaroslav/PhpstormProjects/react-global-mentoring-program/src/components/Content/content.js","statementMap":{"0":{"start":{"line":7,"column":4},"end":{"line":13,"column":5}}},"fnMap":{"0":{"name":"Content","decl":{"start":{"line":6,"column":9},"end":{"line":6,"column":16}},"loc":{"start":{"line":6,"column":19},"end":{"line":14,"column":1}},"line":6}},"branchMap":{},"s":{"0":0},"f":{"0":0},"b":{}}
,"/Users/yaroslav/PhpstormProjects/react-global-mentoring-program/src/components/Content/index.js": {"path":"/Users/yaroslav/PhpstormProjects/react-global-mentoring-program/src/components/Content/index.js","statementMap":{},"fnMap":{},"branchMap":{},"s":{},"f":{},"b":{}}
,"/Users/yaroslav/PhpstormProjects/react-global-mentoring-program/src/components/DateInput/date-input.js": {"path":"/Users/yaroslav/PhpstormProjects/react-global-mentoring-program/src/components/DateInput/date-input.js","statementMap":{"0":{"start":{"line":6,"column":27},"end":{"line":8,"column":5}},"1":{"start":{"line":10,"column":4},"end":{"line":12,"column":5}},"2":{"start":{"line":11,"column":8},"end":{"line":11,"column":51}},"3":{"start":{"line":14,"column":4},"end":{"line":20,"column":5}}},"fnMap":{"0":{"name":"DateInput","decl":{"start":{"line":5,"column":9},"end":{"line":5,"column":18}},"loc":{"start":{"line":5,"column":75},"end":{"line":21,"column":1}},"line":5}},"branchMap":{"0":{"loc":{"start":{"line":5,"column":55},"end":{"line":5,"column":65}},"type":"default-arg","locations":[{"start":{"line":5,"column":63},"end":{"line":5,"column":65}}],"line":5},"1":{"loc":{"start":{"line":10,"column":4},"end":{"line":12,"column":5}},"type":"if","locations":[{"start":{"line":10,"column":4},"end":{"line":12,"column":5}},{"start":{"line":10,"column":4},"end":{"line":12,"column":5}}],"line":10}},"s":{"0":5,"1":5,"2":1,"3":5},"f":{"0":5},"b":{"0":[1],"1":[1,4]},"_coverageSchema":"1a1c01bbd47fc00a2c39e90264f33305004495a9","hash":"4a1fd7ade5f739d4f75e0db763300bc60152fe88"}
,"/Users/yaroslav/PhpstormProjects/react-global-mentoring-program/src/components/DateInput/index.js": {"path":"/Users/yaroslav/PhpstormProjects/react-global-mentoring-program/src/components/DateInput/index.js","statementMap":{},"fnMap":{},"branchMap":{},"s":{},"f":{},"b":{},"_coverageSchema":"1a1c01bbd47fc00a2c39e90264f33305004495a9","hash":"9a02df5aed75e258270284a154b645836e80b975"}
,"/Users/yaroslav/PhpstormProjects/react-global-mentoring-program/src/components/DeleteMoviePopup/delete-movie-popup.js": {"path":"/Users/yaroslav/PhpstormProjects/react-global-mentoring-program/src/components/DeleteMoviePopup/delete-movie-popup.js","statementMap":{"0":{"start":{"line":12,"column":21},"end":{"line":12,"column":34}},"1":{"start":{"line":13,"column":22},"end":{"line":13,"column":66}},"2":{"start":{"line":13,"column":32},"end":{"line":13,"column":66}},"3":{"start":{"line":14,"column":20},"end":{"line":25,"column":5}},"4":{"start":{"line":19,"column":16},"end":{"line":19,"column":42}},"5":{"start":{"line":20,"column":16},"end":{"line":22,"column":19}},"6":{"start":{"line":21,"column":20},"end":{"line":21,"column":57}},"7":{"start":{"line":27,"column":4},"end":{"line":33,"column":6}},"8":{"start":{"line":37,"column":18},"end":{"line":37,"column":23}},"9":{"start":{"line":39,"column":4},"end":{"line":41,"column":5}}},"fnMap":{"0":{"name":"DeleteMoviePopup","decl":{"start":{"line":7,"column":9},"end":{"line":7,"column":25}},"loc":{"start":{"line":11,"column":3},"end":{"line":34,"column":1}},"line":11},"1":{"name":"(anonymous_1)","decl":{"start":{"line":13,"column":22},"end":{"line":13,"column":23}},"loc":{"start":{"line":13,"column":32},"end":{"line":13,"column":66}},"line":13},"2":{"name":"(anonymous_2)","decl":{"start":{"line":18,"column":21},"end":{"line":18,"column":22}},"loc":{"start":{"line":18,"column":27},"end":{"line":23,"column":13}},"line":18},"3":{"name":"(anonymous_3)","decl":{"start":{"line":20,"column":66},"end":{"line":20,"column":67}},"loc":{"start":{"line":20,"column":72},"end":{"line":22,"column":17}},"line":20},"4":{"name":"mapStateToProps","decl":{"start":{"line":36,"column":9},"end":{"line":36,"column":24}},"loc":{"start":{"line":36,"column":33},"end":{"line":42,"column":1}},"line":36}},"branchMap":{},"s":{"0":0,"1":0,"2":0,"3":0,"4":0,"5":0,"6":0,"7":0,"8":0,"9":0},"f":{"0":0,"1":0,"2":0,"3":0,"4":0},"b":{}}
,"/Users/yaroslav/PhpstormProjects/react-global-mentoring-program/src/components/DeleteMoviePopup/index.js": {"path":"/Users/yaroslav/PhpstormProjects/react-global-mentoring-program/src/components/DeleteMoviePopup/index.js","statementMap":{},"fnMap":{},"branchMap":{},"s":{},"f":{},"b":{}}
,"/Users/yaroslav/PhpstormProjects/react-global-mentoring-program/src/components/EditMoviePopup/edit-movie-popup.js": {"path":"/Users/yaroslav/PhpstormProjects/react-global-mentoring-program/src/components/EditMoviePopup/edit-movie-popup.js","statementMap":{"0":{"start":{"line":18,"column":21},"end":{"line":18,"column":34}},"1":{"start":{"line":19,"column":20},"end":{"line":19,"column":28}},"2":{"start":{"line":20,"column":52},"end":{"line":20,"column":62}},"3":{"start":{"line":21,"column":4},"end":{"line":25,"column":11}},"4":{"start":{"line":22,"column":8},"end":{"line":22,"column":73}},"5":{"start":{"line":24,"column":8},"end":{"line":24,"column":24}},"6":{"start":{"line":26,"column":22},"end":{"line":30,"column":5}},"7":{"start":{"line":27,"column":28},"end":{"line":27,"column":43}},"8":{"start":{"line":29,"column":8},"end":{"line":29,"column":20}},"9":{"start":{"line":31,"column":23},"end":{"line":42,"column":5}},"10":{"start":{"line":32,"column":29},"end":{"line":32,"column":44}},"11":{"start":{"line":34,"column":8},"end":{"line":34,"column":27}},"12":{"start":{"line":35,"column":8},"end":{"line":41,"column":11}},"13":{"start":{"line":36,"column":30},"end":{"line":36,"column":45}},"14":{"start":{"line":38,"column":12},"end":{"line":40,"column":13}},"15":{"start":{"line":39,"column":16},"end":{"line":39,"column":31}},"16":{"start":{"line":43,"column":20},"end":{"line":54,"column":5}},"17":{"start":{"line":55,"column":25},"end":{"line":61,"column":5}},"18":{"start":{"line":56,"column":8},"end":{"line":60,"column":11}},"19":{"start":{"line":57,"column":30},"end":{"line":57,"column":74}},"20":{"start":{"line":57,"column":40},"end":{"line":57,"column":74}},"21":{"start":{"line":59,"column":12},"end":{"line":59,"column":50}},"22":{"start":{"line":63,"column":4},"end":{"line":65,"column":5}},"23":{"start":{"line":64,"column":8},"end":{"line":64,"column":20}},"24":{"start":{"line":67,"column":4},"end":{"line":78,"column":6}},"25":{"start":{"line":82,"column":26},"end":{"line":82,"column":31}},"26":{"start":{"line":84,"column":4},"end":{"line":87,"column":5}}},"fnMap":{"0":{"name":"EditMoviePopup","decl":{"start":{"line":11,"column":9},"end":{"line":11,"column":23}},"loc":{"start":{"line":17,"column":3},"end":{"line":79,"column":1}},"line":17},"1":{"name":"(anonymous_1)","decl":{"start":{"line":21,"column":14},"end":{"line":21,"column":15}},"loc":{"start":{"line":21,"column":20},"end":{"line":25,"column":5}},"line":21},"2":{"name":"(anonymous_2)","decl":{"start":{"line":24,"column":15},"end":{"line":24,"column":16}},"loc":{"start":{"line":24,"column":21},"end":{"line":24,"column":23}},"line":24},"3":{"name":"(anonymous_3)","decl":{"start":{"line":26,"column":22},"end":{"line":26,"column":23}},"loc":{"start":{"line":26,"column":34},"end":{"line":30,"column":5}},"line":26},"4":{"name":"(anonymous_4)","decl":{"start":{"line":31,"column":23},"end":{"line":31,"column":24}},"loc":{"start":{"line":31,"column":36},"end":{"line":42,"column":5}},"line":31},"5":{"name":"(anonymous_5)","decl":{"start":{"line":35,"column":26},"end":{"line":35,"column":27}},"loc":{"start":{"line":35,"column":32},"end":{"line":41,"column":9}},"line":35},"6":{"name":"(anonymous_6)","decl":{"start":{"line":55,"column":25},"end":{"line":55,"column":26}},"loc":{"start":{"line":55,"column":43},"end":{"line":61,"column":5}},"line":55},"7":{"name":"(anonymous_7)","decl":{"start":{"line":56,"column":48},"end":{"line":56,"column":49}},"loc":{"start":{"line":56,"column":62},"end":{"line":60,"column":9}},"line":56},"8":{"name":"(anonymous_8)","decl":{"start":{"line":57,"column":30},"end":{"line":57,"column":31}},"loc":{"start":{"line":57,"column":40},"end":{"line":57,"column":74}},"line":57},"9":{"name":"mapStateToProps","decl":{"start":{"line":81,"column":9},"end":{"line":81,"column":24}},"loc":{"start":{"line":81,"column":33},"end":{"line":88,"column":1}},"line":81}},"branchMap":{"0":{"loc":{"start":{"line":38,"column":12},"end":{"line":40,"column":13}},"type":"if","locations":[{"start":{"line":38,"column":12},"end":{"line":40,"column":13}},{"start":{"line":38,"column":12},"end":{"line":40,"column":13}}],"line":38},"1":{"loc":{"start":{"line":63,"column":4},"end":{"line":65,"column":5}},"type":"if","locations":[{"start":{"line":63,"column":4},"end":{"line":65,"column":5}},{"start":{"line":63,"column":4},"end":{"line":65,"column":5}}],"line":63}},"s":{"0":0,"1":0,"2":0,"3":0,"4":0,"5":0,"6":0,"7":0,"8":0,"9":0,"10":0,"11":0,"12":0,"13":0,"14":0,"15":0,"16":0,"17":0,"18":0,"19":0,"20":0,"21":0,"22":0,"23":0,"24":0,"25":0,"26":0},"f":{"0":0,"1":0,"2":0,"3":0,"4":0,"5":0,"6":0,"7":0,"8":0,"9":0},"b":{"0":[0,0],"1":[0,0]}}
,"/Users/yaroslav/PhpstormProjects/react-global-mentoring-program/src/components/EditMoviePopup/index.js": {"path":"/Users/yaroslav/PhpstormProjects/react-global-mentoring-program/src/components/EditMoviePopup/index.js","statementMap":{},"fnMap":{},"branchMap":{},"s":{},"f":{},"b":{}}
,"/Users/yaroslav/PhpstormProjects/react-global-mentoring-program/src/components/ErrorBoundary/error-boundary.js": {"path":"/Users/yaroslav/PhpstormProjects/react-global-mentoring-program/src/components/ErrorBoundary/error-boundary.js","statementMap":{"0":{"start":{"line":5,"column":4},"end":{"line":13,"column":5}},"1":{"start":{"line":17,"column":12},"end":{"line":19,"column":5}},"2":{"start":{"line":24,"column":8},"end":{"line":24,"column":25}},"3":{"start":{"line":28,"column":8},"end":{"line":28,"column":131}}},"fnMap":{"0":{"name":"ErrorText","decl":{"start":{"line":4,"column":9},"end":{"line":4,"column":18}},"loc":{"start":{"line":4,"column":48},"end":{"line":14,"column":1}},"line":4},"1":{"name":"(anonymous_1)","decl":{"start":{"line":23,"column":4},"end":{"line":23,"column":5}},"loc":{"start":{"line":23,"column":43},"end":{"line":25,"column":5}},"line":23},"2":{"name":"(anonymous_2)","decl":{"start":{"line":27,"column":4},"end":{"line":27,"column":5}},"loc":{"start":{"line":27,"column":13},"end":{"line":29,"column":5}},"line":27}},"branchMap":{"0":{"loc":{"start":{"line":9,"column":60},"end":{"line":9,"column":89}},"type":"binary-expr","locations":[{"start":{"line":9,"column":60},"end":{"line":9,"column":67}},{"start":{"line":9,"column":71},"end":{"line":9,"column":89}}],"line":9},"1":{"loc":{"start":{"line":28,"column":18},"end":{"line":28,"column":127}},"type":"cond-expr","locations":[{"start":{"line":28,"column":67},"end":{"line":28,"column":86}},{"start":{"line":28,"column":89},"end":{"line":28,"column":127}}],"line":28},"2":{"loc":{"start":{"line":28,"column":18},"end":{"line":28,"column":64}},"type":"binary-expr","locations":[{"start":{"line":28,"column":18},"end":{"line":28,"column":35}},{"start":{"line":28,"column":39},"end":{"line":28,"column":64}}],"line":28}},"s":{"0":0,"1":0,"2":0,"3":0},"f":{"0":0,"1":0,"2":0},"b":{"0":[0,0],"1":[0,0],"2":[0,0]}}
,"/Users/yaroslav/PhpstormProjects/react-global-mentoring-program/src/components/ErrorBoundary/index.js": {"path":"/Users/yaroslav/PhpstormProjects/react-global-mentoring-program/src/components/ErrorBoundary/index.js","statementMap":{},"fnMap":{},"branchMap":{},"s":{},"f":{},"b":{}}
,"/Users/yaroslav/PhpstormProjects/react-global-mentoring-program/src/components/Field/field.js": {"path":"/Users/yaroslav/PhpstormProjects/react-global-mentoring-program/src/components/Field/field.js","statementMap":{"0":{"start":{"line":8,"column":18},"end":{"line":17,"column":5}},"1":{"start":{"line":19,"column":4},"end":{"line":21,"column":5}},"2":{"start":{"line":20,"column":8},"end":{"line":20,"column":31}},"3":{"start":{"line":23,"column":26},"end":{"line":28,"column":5}},"4":{"start":{"line":32,"column":4},"end":{"line":43,"column":6}}},"fnMap":{"0":{"name":"Field","decl":{"start":{"line":7,"column":9},"end":{"line":7,"column":14}},"loc":{"start":{"line":7,"column":110},"end":{"line":44,"column":1}},"line":7}},"branchMap":{"0":{"loc":{"start":{"line":7,"column":26},"end":{"line":7,"column":39}},"type":"default-arg","locations":[{"start":{"line":7,"column":33},"end":{"line":7,"column":39}}],"line":7},"1":{"loc":{"start":{"line":7,"column":54},"end":{"line":7,"column":66}},"type":"default-arg","locations":[{"start":{"line":7,"column":64},"end":{"line":7,"column":66}}],"line":7},"2":{"loc":{"start":{"line":19,"column":4},"end":{"line":21,"column":5}},"type":"if","locations":[{"start":{"line":19,"column":4},"end":{"line":21,"column":5}},{"start":{"line":19,"column":4},"end":{"line":21,"column":5}}],"line":19},"3":{"loc":{"start":{"line":38,"column":13},"end":{"line":41,"column":18}},"type":"binary-expr","locations":[{"start":{"line":38,"column":13},"end":{"line":38,"column":20}},{"start":{"line":38,"column":24},"end":{"line":38,"column":29}},{"start":{"line":39,"column":12},"end":{"line":41,"column":18}}],"line":38}},"s":{"0":28,"1":28,"2":0,"3":28,"4":28},"f":{"0":28},"b":{"0":[16],"1":[24],"2":[0,28],"3":[28,0,0]},"_coverageSchema":"1a1c01bbd47fc00a2c39e90264f33305004495a9","hash":"883cf7aedcf7e84b02751f66773da6759c9513ef"}
,"/Users/yaroslav/PhpstormProjects/react-global-mentoring-program/src/components/Field/index.js": {"path":"/Users/yaroslav/PhpstormProjects/react-global-mentoring-program/src/components/Field/index.js","statementMap":{},"fnMap":{},"branchMap":{},"s":{},"f":{},"b":{}}
,"/Users/yaroslav/PhpstormProjects/react-global-mentoring-program/src/components/Footer/footer.js": {"path":"/Users/yaroslav/PhpstormProjects/react-global-mentoring-program/src/components/Footer/footer.js","statementMap":{"0":{"start":{"line":7,"column":23},"end":{"line":7,"column":28}},"1":{"start":{"line":9,"column":4},"end":{"line":13,"column":5}}},"fnMap":{"0":{"name":"Footer","decl":{"start":{"line":6,"column":9},"end":{"line":6,"column":15}},"loc":{"start":{"line":6,"column":23},"end":{"line":14,"column":1}},"line":6}},"branchMap":{},"s":{"0":0,"1":0},"f":{"0":0},"b":{}}
,"/Users/yaroslav/PhpstormProjects/react-global-mentoring-program/src/components/Footer/index.js": {"path":"/Users/yaroslav/PhpstormProjects/react-global-mentoring-program/src/components/Footer/index.js","statementMap":{},"fnMap":{},"branchMap":{},"s":{},"f":{},"b":{}}
,"/Users/yaroslav/PhpstormProjects/react-global-mentoring-program/src/components/Form/form.js": {"path":"/Users/yaroslav/PhpstormProjects/react-global-mentoring-program/src/components/Form/form.js","statementMap":{"0":{"start":{"line":7,"column":17},"end":{"line":7,"column":29}},"1":{"start":{"line":8,"column":22},"end":{"line":12,"column":6}},"2":{"start":{"line":14,"column":4},"end":{"line":17,"column":7}},"3":{"start":{"line":14,"column":40},"end":{"line":17,"column":5}},"4":{"start":{"line":19,"column":19},"end":{"line":37,"column":6}},"5":{"start":{"line":20,"column":22},"end":{"line":28,"column":9}},"6":{"start":{"line":30,"column":8},"end":{"line":34,"column":9}},"7":{"start":{"line":31,"column":12},"end":{"line":31,"column":75}},"8":{"start":{"line":32,"column":12},"end":{"line":32,"column":42}},"9":{"start":{"line":33,"column":12},"end":{"line":33,"column":85}},"10":{"start":{"line":33,"column":42},"end":{"line":33,"column":84}},"11":{"start":{"line":36,"column":8},"end":{"line":36,"column":34}},"12":{"start":{"line":39,"column":4},"end":{"line":43,"column":5}}},"fnMap":{"0":{"name":"FormWrap","decl":{"start":{"line":6,"column":9},"end":{"line":6,"column":17}},"loc":{"start":{"line":6,"column":106},"end":{"line":44,"column":1}},"line":6},"1":{"name":"(anonymous_1)","decl":{"start":{"line":14,"column":33},"end":{"line":14,"column":34}},"loc":{"start":{"line":14,"column":40},"end":{"line":17,"column":5}},"line":14},"2":{"name":"(anonymous_2)","decl":{"start":{"line":19,"column":51},"end":{"line":19,"column":52}},"loc":{"start":{"line":19,"column":64},"end":{"line":37,"column":5}},"line":19},"3":{"name":"(anonymous_3)","decl":{"start":{"line":33,"column":32},"end":{"line":33,"column":33}},"loc":{"start":{"line":33,"column":42},"end":{"line":33,"column":84}},"line":33}},"branchMap":{"0":{"loc":{"start":{"line":30,"column":8},"end":{"line":34,"column":9}},"type":"if","locations":[{"start":{"line":30,"column":8},"end":{"line":34,"column":9}},{"start":{"line":30,"column":8},"end":{"line":34,"column":9}}],"line":30}},"s":{"0":4,"1":4,"2":4,"3":3,"4":4,"5":28,"6":28,"7":4,"8":4,"9":4,"10":0,"11":28,"12":4},"f":{"0":4,"1":3,"2":28,"3":0},"b":{"0":[4,24]},"_coverageSchema":"1a1c01bbd47fc00a2c39e90264f33305004495a9","hash":"fe538ad8d5a14797019d6a4ba4d63b2f2d1300ff"}
,"/Users/yaroslav/PhpstormProjects/react-global-mentoring-program/src/components/Form/index.js": {"path":"/Users/yaroslav/PhpstormProjects/react-global-mentoring-program/src/components/Form/index.js","statementMap":{},"fnMap":{},"branchMap":{},"s":{},"f":{},"b":{},"_coverageSchema":"1a1c01bbd47fc00a2c39e90264f33305004495a9","hash":"92a42a35c2ee244147c85039775fe31347c44907"}
,"/Users/yaroslav/PhpstormProjects/react-global-mentoring-program/src/components/Header/header.js": {"path":"/Users/yaroslav/PhpstormProjects/react-global-mentoring-program/src/components/Header/header.js","statementMap":{"0":{"start":{"line":9,"column":4},"end":{"line":17,"column":5}}},"fnMap":{"0":{"name":"Header","decl":{"start":{"line":8,"column":9},"end":{"line":8,"column":15}},"loc":{"start":{"line":8,"column":18},"end":{"line":18,"column":1}},"line":8}},"branchMap":{},"s":{"0":0},"f":{"0":0},"b":{}}
,"/Users/yaroslav/PhpstormProjects/react-global-mentoring-program/src/components/Header/index.js": {"path":"/Users/yaroslav/PhpstormProjects/react-global-mentoring-program/src/components/Header/index.js","statementMap":{},"fnMap":{},"branchMap":{},"s":{},"f":{},"b":{}}
,"/Users/yaroslav/PhpstormProjects/react-global-mentoring-program/src/components/Heading/heading.js": {"path":"/Users/yaroslav/PhpstormProjects/react-global-mentoring-program/src/components/Heading/heading.js","statementMap":{"0":{"start":{"line":6,"column":46},"end":{"line":6,"column":51}},"1":{"start":{"line":7,"column":24},"end":{"line":7,"column":33}},"2":{"start":{"line":8,"column":23},"end":{"line":11,"column":5}},"3":{"start":{"line":13,"column":4},"end":{"line":13,"column":46}},"4":{"start":{"line":15,"column":4},"end":{"line":19,"column":5}},"5":{"start":{"line":22,"column":0},"end":{"line":29,"column":1}}},"fnMap":{"0":{"name":"Heading","decl":{"start":{"line":5,"column":9},"end":{"line":5,"column":16}},"loc":{"start":{"line":5,"column":24},"end":{"line":20,"column":1}},"line":5}},"branchMap":{"0":{"loc":{"start":{"line":6,"column":27},"end":{"line":6,"column":42}},"type":"default-arg","locations":[{"start":{"line":6,"column":40},"end":{"line":6,"column":42}}],"line":6}},"s":{"0":8,"1":8,"2":8,"3":8,"4":8,"5":3},"f":{"0":8},"b":{"0":[3]},"_coverageSchema":"1a1c01bbd47fc00a2c39e90264f33305004495a9","hash":"b3c20ce04a6523dfce8ad43ddd800919fd7a4600"}
,"/Users/yaroslav/PhpstormProjects/react-global-mentoring-program/src/components/Heading/index.js": {"path":"/Users/yaroslav/PhpstormProjects/react-global-mentoring-program/src/components/Heading/index.js","statementMap":{},"fnMap":{},"branchMap":{},"s":{},"f":{},"b":{},"_coverageSchema":"1a1c01bbd47fc00a2c39e90264f33305004495a9","hash":"92daf69ecd0152c30aada6e667e956c57c32fe74"}
,"/Users/yaroslav/PhpstormProjects/react-global-mentoring-program/src/components/Item/index.js": {"path":"/Users/yaroslav/PhpstormProjects/react-global-mentoring-program/src/components/Item/index.js","statementMap":{},"fnMap":{},"branchMap":{},"s":{},"f":{},"b":{}}
,"/Users/yaroslav/PhpstormProjects/react-global-mentoring-program/src/components/Item/item.js": {"path":"/Users/yaroslav/PhpstormProjects/react-global-mentoring-program/src/components/Item/item.js","statementMap":{"0":{"start":{"line":20,"column":8},"end":{"line":20,"column":12}},"1":{"start":{"line":21,"column":4},"end":{"line":40,"column":5}},"2":{"start":{"line":43,"column":0},"end":{"line":45,"column":1}},"3":{"start":{"line":47,"column":0},"end":{"line":49,"column":2}}},"fnMap":{"0":{"name":"Item","decl":{"start":{"line":13,"column":9},"end":{"line":13,"column":13}},"loc":{"start":{"line":13,"column":26},"end":{"line":41,"column":1}},"line":13}},"branchMap":{},"s":{"0":0,"1":0,"2":0,"3":0},"f":{"0":0},"b":{}}
,"/Users/yaroslav/PhpstormProjects/react-global-mentoring-program/src/components/Item/Date/date.js": {"path":"/Users/yaroslav/PhpstormProjects/react-global-mentoring-program/src/components/Item/Date/date.js","statementMap":{"0":{"start":{"line":5,"column":19},"end":{"line":5,"column":24}},"1":{"start":{"line":7,"column":23},"end":{"line":7,"column":37}},"2":{"start":{"line":9,"column":4},"end":{"line":13,"column":5}},"3":{"start":{"line":16,"column":0},"end":{"line":18,"column":1}}},"fnMap":{"0":{"name":"DateComponent","decl":{"start":{"line":4,"column":9},"end":{"line":4,"column":22}},"loc":{"start":{"line":4,"column":30},"end":{"line":14,"column":1}},"line":4}},"branchMap":{},"s":{"0":0,"1":0,"2":0,"3":0},"f":{"0":0},"b":{}}
,"/Users/yaroslav/PhpstormProjects/react-global-mentoring-program/src/components/Item/Date/index.js": {"path":"/Users/yaroslav/PhpstormProjects/react-global-mentoring-program/src/components/Item/Date/index.js","statementMap":{},"fnMap":{},"branchMap":{},"s":{},"f":{},"b":{}}
,"/Users/yaroslav/PhpstormProjects/react-global-mentoring-program/src/components/Item/Delete/delete.js": {"path":"/Users/yaroslav/PhpstormProjects/react-global-mentoring-program/src/components/Item/Delete/delete.js","statementMap":{"0":{"start":{"line":7,"column":37},"end":{"line":7,"column":59}},"1":{"start":{"line":9,"column":4},"end":{"line":16,"column":6}}},"fnMap":{"0":{"name":"Delete","decl":{"start":{"line":6,"column":9},"end":{"line":6,"column":15}},"loc":{"start":{"line":6,"column":22},"end":{"line":17,"column":1}},"line":6}},"branchMap":{"0":{"loc":{"start":{"line":12,"column":13},"end":{"line":14,"column":29}},"type":"binary-expr","locations":[{"start":{"line":12,"column":13},"end":{"line":12,"column":22}},{"start":{"line":12,"column":26},"end":{"line":14,"column":29}}],"line":12}},"s":{"0":0,"1":0},"f":{"0":0},"b":{"0":[0,0]}}
,"/Users/yaroslav/PhpstormProjects/react-global-mentoring-program/src/components/Item/Delete/index.js": {"path":"/Users/yaroslav/PhpstormProjects/react-global-mentoring-program/src/components/Item/Delete/index.js","statementMap":{},"fnMap":{},"branchMap":{},"s":{},"f":{},"b":{}}
,"/Users/yaroslav/PhpstormProjects/react-global-mentoring-program/src/components/Item/Edit/edit.js": {"path":"/Users/yaroslav/PhpstormProjects/react-global-mentoring-program/src/components/Item/Edit/edit.js","statementMap":{"0":{"start":{"line":7,"column":37},"end":{"line":7,"column":59}},"1":{"start":{"line":8,"column":4},"end":{"line":16,"column":6}}},"fnMap":{"0":{"name":"Edit","decl":{"start":{"line":6,"column":9},"end":{"line":6,"column":13}},"loc":{"start":{"line":6,"column":21},"end":{"line":17,"column":1}},"line":6}},"branchMap":{"0":{"loc":{"start":{"line":11,"column":13},"end":{"line":14,"column":29}},"type":"binary-expr","locations":[{"start":{"line":11,"column":13},"end":{"line":11,"column":22}},{"start":{"line":11,"column":26},"end":{"line":14,"column":29}}],"line":11}},"s":{"0":0,"1":0},"f":{"0":0},"b":{"0":[0,0]}}
,"/Users/yaroslav/PhpstormProjects/react-global-mentoring-program/src/components/Item/Edit/index.js": {"path":"/Users/yaroslav/PhpstormProjects/react-global-mentoring-program/src/components/Item/Edit/index.js","statementMap":{},"fnMap":{},"branchMap":{},"s":{},"f":{},"b":{}}
,"/Users/yaroslav/PhpstormProjects/react-global-mentoring-program/src/components/Item/Genre/genre.js": {"path":"/Users/yaroslav/PhpstormProjects/react-global-mentoring-program/src/components/Item/Genre/genre.js","statementMap":{"0":{"start":{"line":6,"column":4},"end":{"line":10,"column":5}},"1":{"start":{"line":13,"column":0},"end":{"line":15,"column":1}}},"fnMap":{"0":{"name":"Genre","decl":{"start":{"line":5,"column":9},"end":{"line":5,"column":14}},"loc":{"start":{"line":5,"column":29},"end":{"line":11,"column":1}},"line":5}},"branchMap":{},"s":{"0":0,"1":0},"f":{"0":0},"b":{}}
,"/Users/yaroslav/PhpstormProjects/react-global-mentoring-program/src/components/Item/Genre/index.js": {"path":"/Users/yaroslav/PhpstormProjects/react-global-mentoring-program/src/components/Item/Genre/index.js","statementMap":{},"fnMap":{},"branchMap":{},"s":{},"f":{},"b":{}}
,"/Users/yaroslav/PhpstormProjects/react-global-mentoring-program/src/components/Item/Image/image.js": {"path":"/Users/yaroslav/PhpstormProjects/react-global-mentoring-program/src/components/Item/Image/image.js","statementMap":{"0":{"start":{"line":6,"column":4},"end":{"line":18,"column":5}},"1":{"start":{"line":21,"column":0},"end":{"line":26,"column":2}},"2":{"start":{"line":28,"column":0},"end":{"line":31,"column":2}}},"fnMap":{"0":{"name":"Image","decl":{"start":{"line":5,"column":9},"end":{"line":5,"column":14}},"loc":{"start":{"line":5,"column":49},"end":{"line":19,"column":1}},"line":5}},"branchMap":{},"s":{"0":0,"1":0,"2":0},"f":{"0":0},"b":{}}
,"/Users/yaroslav/PhpstormProjects/react-global-mentoring-program/src/components/ItemList/index.js": {"path":"/Users/yaroslav/PhpstormProjects/react-global-mentoring-program/src/components/ItemList/index.js","statementMap":{},"fnMap":{},"branchMap":{},"s":{},"f":{},"b":{}}
,"/Users/yaroslav/PhpstormProjects/react-global-mentoring-program/src/components/ItemList/item-list.js": {"path":"/Users/yaroslav/PhpstormProjects/react-global-mentoring-program/src/components/ItemList/item-list.js","statementMap":{"0":{"start":{"line":10,"column":17},"end":{"line":10,"column":29}},"1":{"start":{"line":12,"column":4},"end":{"line":23,"column":5}},"2":{"start":{"line":15,"column":16},"end":{"line":17,"column":17}},"3":{"start":{"line":16,"column":20},"end":{"line":16,"column":27}},"4":{"start":{"line":19,"column":16},"end":{"line":19,"column":62}},"5":{"start":{"line":26,"column":0},"end":{"line":28,"column":1}},"6":{"start":{"line":31,"column":23},"end":{"line":31,"column":28}},"7":{"start":{"line":33,"column":4},"end":{"line":33,"column":22}}},"fnMap":{"0":{"name":"ItemList","decl":{"start":{"line":9,"column":9},"end":{"line":9,"column":17}},"loc":{"start":{"line":9,"column":28},"end":{"line":24,"column":1}},"line":9},"1":{"name":"(anonymous_1)","decl":{"start":{"line":14,"column":44},"end":{"line":14,"column":45}},"loc":{"start":{"line":14,"column":55},"end":{"line":21,"column":13}},"line":14},"2":{"name":"mapStateToProps","decl":{"start":{"line":30,"column":9},"end":{"line":30,"column":24}},"loc":{"start":{"line":30,"column":32},"end":{"line":34,"column":1}},"line":30}},"branchMap":{"0":{"loc":{"start":{"line":14,"column":13},"end":{"line":21,"column":95}},"type":"cond-expr","locations":[{"start":{"line":14,"column":33},"end":{"line":21,"column":14}},{"start":{"line":21,"column":15},"end":{"line":21,"column":95}}],"line":14},"1":{"loc":{"start":{"line":15,"column":16},"end":{"line":17,"column":17}},"type":"if","locations":[{"start":{"line":15,"column":16},"end":{"line":17,"column":17}},{"start":{"line":15,"column":16},"end":{"line":17,"column":17}}],"line":15}},"s":{"0":0,"1":0,"2":0,"3":0,"4":0,"5":0,"6":0,"7":0},"f":{"0":0,"1":0,"2":0},"b":{"0":[0,0],"1":[0,0]}}
,"/Users/yaroslav/PhpstormProjects/react-global-mentoring-program/src/components/Logo/index.js": {"path":"/Users/yaroslav/PhpstormProjects/react-global-mentoring-program/src/components/Logo/index.js","statementMap":{},"fnMap":{},"branchMap":{},"s":{},"f":{},"b":{}}
,"/Users/yaroslav/PhpstormProjects/react-global-mentoring-program/src/components/Logo/logo.js": {"path":"/Users/yaroslav/PhpstormProjects/react-global-mentoring-program/src/components/Logo/logo.js","statementMap":{"0":{"start":{"line":14,"column":4},"end":{"line":18,"column":5}},"1":{"start":{"line":21,"column":0},"end":{"line":26,"column":2}},"2":{"start":{"line":28,"column":0},"end":{"line":31,"column":2}}},"fnMap":{"0":{"name":"Logo","decl":{"start":{"line":6,"column":9},"end":{"line":6,"column":13}},"loc":{"start":{"line":12,"column":3},"end":{"line":19,"column":1}},"line":12}},"branchMap":{},"s":{"0":0,"1":0,"2":0},"f":{"0":0},"b":{}}
,"/Users/yaroslav/PhpstormProjects/react-global-mentoring-program/src/components/MovieDetails/index.js": {"path":"/Users/yaroslav/PhpstormProjects/react-global-mentoring-program/src/components/MovieDetails/index.js","statementMap":{},"fnMap":{},"branchMap":{},"s":{},"f":{},"b":{}}
,"/Users/yaroslav/PhpstormProjects/react-global-mentoring-program/src/components/MovieDetails/movie-details.js": {"path":"/Users/yaroslav/PhpstormProjects/react-global-mentoring-program/src/components/MovieDetails/movie-details.js","statementMap":{"0":{"start":{"line":19,"column":21},"end":{"line":19,"column":34}},"1":{"start":{"line":20,"column":24},"end":{"line":20,"column":35}},"2":{"start":{"line":21,"column":23},"end":{"line":24,"column":5}},"3":{"start":{"line":22,"column":8},"end":{"line":22,"column":43}},"4":{"start":{"line":23,"column":8},"end":{"line":23,"column":30}},"5":{"start":{"line":25,"column":4},"end":{"line":27,"column":18}},"6":{"start":{"line":26,"column":8},"end":{"line":26,"column":69}},"7":{"start":{"line":29,"column":4},"end":{"line":72,"column":5}},"8":{"start":{"line":76,"column":27},"end":{"line":76,"column":32}},"9":{"start":{"line":77,"column":4},"end":{"line":79,"column":5}}},"fnMap":{"0":{"name":"MovieDetails","decl":{"start":{"line":16,"column":9},"end":{"line":16,"column":21}},"loc":{"start":{"line":18,"column":3},"end":{"line":73,"column":1}},"line":18},"1":{"name":"(anonymous_1)","decl":{"start":{"line":21,"column":23},"end":{"line":21,"column":24}},"loc":{"start":{"line":21,"column":35},"end":{"line":24,"column":5}},"line":21},"2":{"name":"(anonymous_2)","decl":{"start":{"line":25,"column":14},"end":{"line":25,"column":15}},"loc":{"start":{"line":25,"column":28},"end":{"line":27,"column":5}},"line":25},"3":{"name":"mapStateToProps","decl":{"start":{"line":75,"column":9},"end":{"line":75,"column":24}},"loc":{"start":{"line":75,"column":32},"end":{"line":80,"column":1}},"line":75}},"branchMap":{},"s":{"0":0,"1":0,"2":0,"3":0,"4":0,"5":0,"6":0,"7":0,"8":0,"9":0},"f":{"0":0,"1":0,"2":0,"3":0},"b":{}}
,"/Users/yaroslav/PhpstormProjects/react-global-mentoring-program/src/components/MultiSelect/index.js": {"path":"/Users/yaroslav/PhpstormProjects/react-global-mentoring-program/src/components/MultiSelect/index.js","statementMap":{},"fnMap":{},"branchMap":{},"s":{},"f":{},"b":{},"_coverageSchema":"1a1c01bbd47fc00a2c39e90264f33305004495a9","hash":"a805577d5e57e9bda7919188d5c4e9f355389c3e"}
,"/Users/yaroslav/PhpstormProjects/react-global-mentoring-program/src/components/MultiSelect/multi-select.js": {"path":"/Users/yaroslav/PhpstormProjects/react-global-mentoring-program/src/components/MultiSelect/multi-select.js","statementMap":{"0":{"start":{"line":7,"column":17},"end":{"line":7,"column":29}},"1":{"start":{"line":8,"column":26},"end":{"line":8,"column":48}},"2":{"start":{"line":9,"column":30},"end":{"line":11,"column":6}},"3":{"start":{"line":12,"column":27},"end":{"line":14,"column":5}},"4":{"start":{"line":16,"column":4},"end":{"line":18,"column":5}},"5":{"start":{"line":17,"column":8},"end":{"line":17,"column":51}},"6":{"start":{"line":20,"column":25},"end":{"line":25,"column":5}},"7":{"start":{"line":21,"column":23},"end":{"line":21,"column":33}},"8":{"start":{"line":22,"column":8},"end":{"line":24,"column":10}},"9":{"start":{"line":26,"column":30},"end":{"line":36,"column":5}},"10":{"start":{"line":27,"column":25},"end":{"line":27,"column":31}},"11":{"start":{"line":28,"column":24},"end":{"line":28,"column":29}},"12":{"start":{"line":30,"column":8},"end":{"line":34,"column":9}},"13":{"start":{"line":31,"column":12},"end":{"line":31,"column":71}},"14":{"start":{"line":31,"column":49},"end":{"line":31,"column":70}},"15":{"start":{"line":33,"column":12},"end":{"line":33,"column":35}},"16":{"start":{"line":35,"column":8},"end":{"line":35,"column":28}},"17":{"start":{"line":37,"column":29},"end":{"line":37,"column":61}},"18":{"start":{"line":37,"column":39},"end":{"line":37,"column":61}},"19":{"start":{"line":39,"column":4},"end":{"line":41,"column":5}},"20":{"start":{"line":40,"column":8},"end":{"line":40,"column":58}},"21":{"start":{"line":43,"column":4},"end":{"line":80,"column":5}},"22":{"start":{"line":48,"column":24},"end":{"line":56,"column":25}},"23":{"start":{"line":49,"column":28},"end":{"line":55,"column":29}},"24":{"start":{"line":64,"column":20},"end":{"line":73,"column":21}},"25":{"start":{"line":83,"column":0},"end":{"line":85,"column":1}}},"fnMap":{"0":{"name":"MultiSelect","decl":{"start":{"line":6,"column":9},"end":{"line":6,"column":20}},"loc":{"start":{"line":6,"column":74},"end":{"line":81,"column":1}},"line":6},"1":{"name":"(anonymous_1)","decl":{"start":{"line":20,"column":25},"end":{"line":20,"column":26}},"loc":{"start":{"line":20,"column":37},"end":{"line":25,"column":5}},"line":20},"2":{"name":"(anonymous_2)","decl":{"start":{"line":26,"column":30},"end":{"line":26,"column":31}},"loc":{"start":{"line":26,"column":48},"end":{"line":36,"column":5}},"line":26},"3":{"name":"(anonymous_3)","decl":{"start":{"line":31,"column":37},"end":{"line":31,"column":38}},"loc":{"start":{"line":31,"column":49},"end":{"line":31,"column":70}},"line":31},"4":{"name":"(anonymous_4)","decl":{"start":{"line":37,"column":29},"end":{"line":37,"column":30}},"loc":{"start":{"line":37,"column":39},"end":{"line":37,"column":61}},"line":37},"5":{"name":"(anonymous_5)","decl":{"start":{"line":47,"column":31},"end":{"line":47,"column":32}},"loc":{"start":{"line":47,"column":43},"end":{"line":57,"column":21}},"line":47},"6":{"name":"(anonymous_6)","decl":{"start":{"line":63,"column":29},"end":{"line":63,"column":30}},"loc":{"start":{"line":63,"column":41},"end":{"line":74,"column":17}},"line":63}},"branchMap":{"0":{"loc":{"start":{"line":16,"column":4},"end":{"line":18,"column":5}},"type":"if","locations":[{"start":{"line":16,"column":4},"end":{"line":18,"column":5}},{"start":{"line":16,"column":4},"end":{"line":18,"column":5}}],"line":16},"1":{"loc":{"start":{"line":30,"column":8},"end":{"line":34,"column":9}},"type":"if","locations":[{"start":{"line":30,"column":8},"end":{"line":34,"column":9}},{"start":{"line":30,"column":8},"end":{"line":34,"column":9}}],"line":30},"2":{"loc":{"start":{"line":39,"column":4},"end":{"line":41,"column":5}},"type":"if","locations":[{"start":{"line":39,"column":4},"end":{"line":41,"column":5}},{"start":{"line":39,"column":4},"end":{"line":41,"column":5}}],"line":39},"3":{"loc":{"start":{"line":45,"column":13},"end":{"line":60,"column":101}},"type":"cond-expr","locations":[{"start":{"line":46,"column":16},"end":{"line":58,"column":22}},{"start":{"line":60,"column":16},"end":{"line":60,"column":101}}],"line":45},"4":{"loc":{"start":{"line":48,"column":24},"end":{"line":56,"column":25}},"type":"if","locations":[{"start":{"line":48,"column":24},"end":{"line":56,"column":25}},{"start":{"line":48,"column":24},"end":{"line":56,"column":25}}],"line":48},"5":{"loc":{"start":{"line":62,"column":13},"end":{"line":75,"column":17}},"type":"binary-expr","locations":[{"start":{"line":62,"column":13},"end":{"line":62,"column":29}},{"start":{"line":62,"column":33},"end":{"line":62,"column":43}},{"start":{"line":62,"column":47},"end":{"line":75,"column":17}}],"line":62}},"s":{"0":11,"1":11,"2":11,"3":11,"4":11,"5":1,"6":11,"7":3,"8":3,"9":11,"10":1,"11":1,"12":1,"13":0,"14":0,"15":1,"16":1,"17":11,"18":7,"19":11,"20":2,"21":11,"22":1,"23":1,"24":6,"25":3},"f":{"0":11,"1":3,"2":1,"3":0,"4":7,"5":1,"6":6},"b":{"0":[1,10],"1":[0,1],"2":[2,9],"3":[1,10],"4":[1,0],"5":[11,11,2]},"_coverageSchema":"1a1c01bbd47fc00a2c39e90264f33305004495a9","hash":"4586b04f522fc2453a412b5aef59b810b6cd17a9"}
,"/Users/yaroslav/PhpstormProjects/react-global-mentoring-program/src/components/Popup/index.js": {"path":"/Users/yaroslav/PhpstormProjects/react-global-mentoring-program/src/components/Popup/index.js","statementMap":{},"fnMap":{},"branchMap":{},"s":{},"f":{},"b":{},"_coverageSchema":"1a1c01bbd47fc00a2c39e90264f33305004495a9","hash":"9182cbc9330a8c8ace5a69c0944737fee22fbb4d"}
,"/Users/yaroslav/PhpstormProjects/react-global-mentoring-program/src/components/Popup/popup.js": {"path":"/Users/yaroslav/PhpstormProjects/react-global-mentoring-program/src/components/Popup/popup.js","statementMap":{"0":{"start":{"line":9,"column":17},"end":{"line":9,"column":29}},"1":{"start":{"line":11,"column":4},"end":{"line":27,"column":6}},"2":{"start":{"line":12,"column":52},"end":{"line":12,"column":71}},"3":{"start":{"line":23,"column":39},"end":{"line":24,"column":94}}},"fnMap":{"0":{"name":"Popup","decl":{"start":{"line":8,"column":9},"end":{"line":8,"column":14}},"loc":{"start":{"line":8,"column":56},"end":{"line":28,"column":1}},"line":8},"1":{"name":"(anonymous_1)","decl":{"start":{"line":12,"column":47},"end":{"line":12,"column":48}},"loc":{"start":{"line":12,"column":52},"end":{"line":12,"column":71}},"line":12},"2":{"name":"(anonymous_2)","decl":{"start":{"line":23,"column":29},"end":{"line":23,"column":30}},"loc":{"start":{"line":23,"column":39},"end":{"line":24,"column":94}},"line":23}},"branchMap":{},"s":{"0":4,"1":4,"2":2,"3":8},"f":{"0":4,"1":2,"2":8},"b":{},"_coverageSchema":"1a1c01bbd47fc00a2c39e90264f33305004495a9","hash":"f731c9fab57044d443abf6854f4d67f56047c710"}
,"/Users/yaroslav/PhpstormProjects/react-global-mentoring-program/src/components/PopupContainer/index.js": {"path":"/Users/yaroslav/PhpstormProjects/react-global-mentoring-program/src/components/PopupContainer/index.js","statementMap":{},"fnMap":{},"branchMap":{},"s":{},"f":{},"b":{},"_coverageSchema":"1a1c01bbd47fc00a2c39e90264f33305004495a9","hash":"8706e0a86f7bb50c63b36c55106d5437bce90bda"}
,"/Users/yaroslav/PhpstormProjects/react-global-mentoring-program/src/components/PopupContainer/popup-container.js": {"path":"/Users/yaroslav/PhpstormProjects/react-global-mentoring-program/src/components/PopupContainer/popup-container.js","statementMap":{"0":{"start":{"line":7,"column":22},"end":{"line":7,"column":70}},"1":{"start":{"line":7,"column":36},"end":{"line":7,"column":65}},"2":{"start":{"line":8,"column":4},"end":{"line":8,"column":42}},"3":{"start":{"line":9,"column":30},"end":{"line":9,"column":86}},"4":{"start":{"line":9,"column":38},"end":{"line":9,"column":86}},"5":{"start":{"line":11,"column":4},"end":{"line":18,"column":16}},"6":{"start":{"line":12,"column":8},"end":{"line":12,"column":45}},"7":{"start":{"line":13,"column":8},"end":{"line":13,"column":41}},"8":{"start":{"line":14,"column":8},"end":{"line":17,"column":9}},"9":{"start":{"line":15,"column":12},"end":{"line":15,"column":49}},"10":{"start":{"line":16,"column":12},"end":{"line":16,"column":45}},"11":{"start":{"line":20,"column":4},"end":{"line":23,"column":6}}},"fnMap":{"0":{"name":"PopupContainer","decl":{"start":{"line":6,"column":9},"end":{"line":6,"column":23}},"loc":{"start":{"line":6,"column":44},"end":{"line":24,"column":1}},"line":6},"1":{"name":"(anonymous_1)","decl":{"start":{"line":7,"column":30},"end":{"line":7,"column":31}},"loc":{"start":{"line":7,"column":36},"end":{"line":7,"column":65}},"line":7},"2":{"name":"(anonymous_2)","decl":{"start":{"line":9,"column":30},"end":{"line":9,"column":31}},"loc":{"start":{"line":9,"column":38},"end":{"line":9,"column":86}},"line":9},"3":{"name":"(anonymous_3)","decl":{"start":{"line":11,"column":14},"end":{"line":11,"column":15}},"loc":{"start":{"line":11,"column":20},"end":{"line":18,"column":5}},"line":11},"4":{"name":"(anonymous_4)","decl":{"start":{"line":14,"column":15},"end":{"line":14,"column":16}},"loc":{"start":{"line":14,"column":21},"end":{"line":17,"column":9}},"line":14}},"branchMap":{},"s":{"0":1,"1":1,"2":1,"3":1,"4":2,"5":1,"6":1,"7":1,"8":1,"9":1,"10":1,"11":1},"f":{"0":1,"1":1,"2":2,"3":1,"4":1},"b":{},"_coverageSchema":"1a1c01bbd47fc00a2c39e90264f33305004495a9","hash":"f3ad036060901935d87ca9993a4ef57bd97978ed"}
,"/Users/yaroslav/PhpstormProjects/react-global-mentoring-program/src/components/Rating/index.js": {"path":"/Users/yaroslav/PhpstormProjects/react-global-mentoring-program/src/components/Rating/index.js","statementMap":{},"fnMap":{},"branchMap":{},"s":{},"f":{},"b":{}}
,"/Users/yaroslav/PhpstormProjects/react-global-mentoring-program/src/components/Rating/rating.js": {"path":"/Users/yaroslav/PhpstormProjects/react-global-mentoring-program/src/components/Rating/rating.js","statementMap":{"0":{"start":{"line":5,"column":25},"end":{"line":7,"column":5}},"1":{"start":{"line":9,"column":4},"end":{"line":15,"column":5}},"2":{"start":{"line":10,"column":8},"end":{"line":10,"column":51}},"3":{"start":{"line":11,"column":11},"end":{"line":15,"column":5}},"4":{"start":{"line":12,"column":8},"end":{"line":12,"column":47}},"5":{"start":{"line":14,"column":8},"end":{"line":14,"column":48}},"6":{"start":{"line":17,"column":4},"end":{"line":23,"column":5}}},"fnMap":{"0":{"name":"Rating","decl":{"start":{"line":4,"column":9},"end":{"line":4,"column":15}},"loc":{"start":{"line":4,"column":26},"end":{"line":24,"column":1}},"line":4}},"branchMap":{"0":{"loc":{"start":{"line":9,"column":4},"end":{"line":15,"column":5}},"type":"if","locations":[{"start":{"line":9,"column":4},"end":{"line":15,"column":5}},{"start":{"line":9,"column":4},"end":{"line":15,"column":5}}],"line":9},"1":{"loc":{"start":{"line":11,"column":11},"end":{"line":15,"column":5}},"type":"if","locations":[{"start":{"line":11,"column":11},"end":{"line":15,"column":5}},{"start":{"line":11,"column":11},"end":{"line":15,"column":5}}],"line":11}},"s":{"0":0,"1":0,"2":0,"3":0,"4":0,"5":0,"6":0},"f":{"0":0},"b":{"0":[0,0],"1":[0,0]}}
,"/Users/yaroslav/PhpstormProjects/react-global-mentoring-program/src/components/Result/index.js": {"path":"/Users/yaroslav/PhpstormProjects/react-global-mentoring-program/src/components/Result/index.js","statementMap":{},"fnMap":{},"branchMap":{},"s":{},"f":{},"b":{}}
,"/Users/yaroslav/PhpstormProjects/react-global-mentoring-program/src/components/Result/result.js": {"path":"/Users/yaroslav/PhpstormProjects/react-global-mentoring-program/src/components/Result/result.js","statementMap":{"0":{"start":{"line":7,"column":4},"end":{"line":14,"column":5}}},"fnMap":{"0":{"name":"Result","decl":{"start":{"line":6,"column":9},"end":{"line":6,"column":15}},"loc":{"start":{"line":6,"column":18},"end":{"line":15,"column":1}},"line":6}},"branchMap":{},"s":{"0":0},"f":{"0":0},"b":{}}
,"/Users/yaroslav/PhpstormProjects/react-global-mentoring-program/src/components/Result/Counter/counter.js": {"path":"/Users/yaroslav/PhpstormProjects/react-global-mentoring-program/src/components/Result/Counter/counter.js","statementMap":{"0":{"start":{"line":5,"column":20},"end":{"line":5,"column":25}},"1":{"start":{"line":7,"column":4},"end":{"line":14,"column":5}}},"fnMap":{"0":{"name":"Counter","decl":{"start":{"line":4,"column":9},"end":{"line":4,"column":16}},"loc":{"start":{"line":4,"column":24},"end":{"line":15,"column":1}},"line":4}},"branchMap":{},"s":{"0":0,"1":0},"f":{"0":0},"b":{}}
,"/Users/yaroslav/PhpstormProjects/react-global-mentoring-program/src/components/Result/Counter/index.js": {"path":"/Users/yaroslav/PhpstormProjects/react-global-mentoring-program/src/components/Result/Counter/index.js","statementMap":{},"fnMap":{},"branchMap":{},"s":{},"f":{},"b":{}}
,"/Users/yaroslav/PhpstormProjects/react-global-mentoring-program/src/components/Result/Filter/filter.js": {"path":"/Users/yaroslav/PhpstormProjects/react-global-mentoring-program/src/components/Result/Filter/filter.js","statementMap":{"0":{"start":{"line":9,"column":23},"end":{"line":9,"column":28}},"1":{"start":{"line":10,"column":21},"end":{"line":10,"column":34}},"2":{"start":{"line":11,"column":18},"end":{"line":14,"column":5}},"3":{"start":{"line":15,"column":17},"end":{"line":15,"column":29}},"4":{"start":{"line":16,"column":20},"end":{"line":20,"column":5}},"5":{"start":{"line":17,"column":8},"end":{"line":19,"column":12}},"6":{"start":{"line":22,"column":4},"end":{"line":40,"column":5}},"7":{"start":{"line":25,"column":31},"end":{"line":25,"column":33}},"8":{"start":{"line":26,"column":35},"end":{"line":28,"column":17}},"9":{"start":{"line":30,"column":16},"end":{"line":30,"column":36}},"10":{"start":{"line":31,"column":16},"end":{"line":31,"column":65}},"11":{"start":{"line":33,"column":16},"end":{"line":35,"column":17}},"12":{"start":{"line":34,"column":20},"end":{"line":34,"column":66}},"13":{"start":{"line":37,"column":16},"end":{"line":37,"column":145}},"14":{"start":{"line":44,"column":26},"end":{"line":44,"column":31}},"15":{"start":{"line":46,"column":4},"end":{"line":49,"column":5}}},"fnMap":{"0":{"name":"Filter","decl":{"start":{"line":8,"column":9},"end":{"line":8,"column":15}},"loc":{"start":{"line":8,"column":31},"end":{"line":41,"column":1}},"line":8},"1":{"name":"(anonymous_1)","decl":{"start":{"line":16,"column":20},"end":{"line":16,"column":21}},"loc":{"start":{"line":16,"column":37},"end":{"line":20,"column":5}},"line":16},"2":{"name":"(anonymous_2)","decl":{"start":{"line":24,"column":23},"end":{"line":24,"column":24}},"loc":{"start":{"line":24,"column":34},"end":{"line":38,"column":13}},"line":24},"3":{"name":"mapStateToProps","decl":{"start":{"line":43,"column":9},"end":{"line":43,"column":24}},"loc":{"start":{"line":43,"column":33},"end":{"line":50,"column":1}},"line":43}},"branchMap":{"0":{"loc":{"start":{"line":31,"column":31},"end":{"line":31,"column":64}},"type":"cond-expr","locations":[{"start":{"line":31,"column":54},"end":{"line":31,"column":56}},{"start":{"line":31,"column":59},"end":{"line":31,"column":64}}],"line":31},"1":{"loc":{"start":{"line":33,"column":16},"end":{"line":35,"column":17}},"type":"if","locations":[{"start":{"line":33,"column":16},"end":{"line":35,"column":17}},{"start":{"line":33,"column":16},"end":{"line":35,"column":17}}],"line":33}},"s":{"0":3,"1":3,"2":3,"3":3,"4":3,"5":1,"6":3,"7":45,"8":45,"9":45,"10":45,"11":45,"12":3,"13":45,"14":3,"15":3},"f":{"0":3,"1":1,"2":45,"3":3},"b":{"0":[3,42],"1":[3,42]},"_coverageSchema":"1a1c01bbd47fc00a2c39e90264f33305004495a9","hash":"40dab3dbd6909d0a544da79dde22347f104325d9"}
,"/Users/yaroslav/PhpstormProjects/react-global-mentoring-program/src/components/Result/Filter/index.js": {"path":"/Users/yaroslav/PhpstormProjects/react-global-mentoring-program/src/components/Result/Filter/index.js","statementMap":{},"fnMap":{},"branchMap":{},"s":{},"f":{},"b":{},"_coverageSchema":"1a1c01bbd47fc00a2c39e90264f33305004495a9","hash":"ec7a2a76010303b72af9c568a30af5c658b00045"}
,"/Users/yaroslav/PhpstormProjects/react-global-mentoring-program/src/components/Result/Sorter/index.js": {"path":"/Users/yaroslav/PhpstormProjects/react-global-mentoring-program/src/components/Result/Sorter/index.js","statementMap":{},"fnMap":{},"branchMap":{},"s":{},"f":{},"b":{},"_coverageSchema":"1a1c01bbd47fc00a2c39e90264f33305004495a9","hash":"ec8ee269ddc4290d48749641c74fc5c4694b7fbc"}
,"/Users/yaroslav/PhpstormProjects/react-global-mentoring-program/src/components/Result/Sorter/sorter.js": {"path":"/Users/yaroslav/PhpstormProjects/react-global-mentoring-program/src/components/Result/Sorter/sorter.js","statementMap":{"0":{"start":{"line":11,"column":17},"end":{"line":11,"column":29}},"1":{"start":{"line":12,"column":21},"end":{"line":12,"column":34}},"2":{"start":{"line":13,"column":20},"end":{"line":29,"column":5}},"3":{"start":{"line":30,"column":22},"end":{"line":30,"column":66}},"4":{"start":{"line":30,"column":32},"end":{"line":30,"column":66}},"5":{"start":{"line":31,"column":28},"end":{"line":31,"column":49}},"6":{"start":{"line":32,"column":4},"end":{"line":38,"column":25}},"7":{"start":{"line":33,"column":8},"end":{"line":37,"column":9}},"8":{"start":{"line":34,"column":12},"end":{"line":34,"column":50}},"9":{"start":{"line":36,"column":12},"end":{"line":36,"column":33}},"10":{"start":{"line":39,"column":21},"end":{"line":44,"column":5}},"11":{"start":{"line":40,"column":8},"end":{"line":43,"column":12}},"12":{"start":{"line":46,"column":4},"end":{"line":54,"column":5}},"13":{"start":{"line":51,"column":20},"end":{"line":51,"column":90}},"14":{"start":{"line":58,"column":20},"end":{"line":58,"column":25}},"15":{"start":{"line":60,"column":4},"end":{"line":60,"column":19}}},"fnMap":{"0":{"name":"Sorter","decl":{"start":{"line":10,"column":9},"end":{"line":10,"column":15}},"loc":{"start":{"line":10,"column":23},"end":{"line":55,"column":1}},"line":10},"1":{"name":"(anonymous_1)","decl":{"start":{"line":30,"column":22},"end":{"line":30,"column":23}},"loc":{"start":{"line":30,"column":32},"end":{"line":30,"column":66}},"line":30},"2":{"name":"(anonymous_2)","decl":{"start":{"line":32,"column":14},"end":{"line":32,"column":15}},"loc":{"start":{"line":32,"column":19},"end":{"line":38,"column":5}},"line":32},"3":{"name":"(anonymous_3)","decl":{"start":{"line":39,"column":21},"end":{"line":39,"column":22}},"loc":{"start":{"line":39,"column":28},"end":{"line":44,"column":5}},"line":39},"4":{"name":"(anonymous_4)","decl":{"start":{"line":50,"column":29},"end":{"line":50,"column":30}},"loc":{"start":{"line":51,"column":20},"end":{"line":51,"column":90}},"line":51},"5":{"name":"mapStateToProps","decl":{"start":{"line":57,"column":9},"end":{"line":57,"column":24}},"loc":{"start":{"line":57,"column":32},"end":{"line":61,"column":1}},"line":57}},"branchMap":{"0":{"loc":{"start":{"line":33,"column":8},"end":{"line":37,"column":9}},"type":"if","locations":[{"start":{"line":33,"column":8},"end":{"line":37,"column":9}},{"start":{"line":33,"column":8},"end":{"line":37,"column":9}}],"line":33}},"s":{"0":3,"1":3,"2":3,"3":3,"4":2,"5":3,"6":3,"7":2,"8":0,"9":2,"10":3,"11":1,"12":3,"13":9,"14":5,"15":5},"f":{"0":3,"1":2,"2":2,"3":1,"4":9,"5":5},"b":{"0":[0,2]},"_coverageSchema":"1a1c01bbd47fc00a2c39e90264f33305004495a9","hash":"52ecf08efb68e3b10e1be187a47b9f4a914893e3"}
,"/Users/yaroslav/PhpstormProjects/react-global-mentoring-program/src/components/Result/Toolbar/index.js": {"path":"/Users/yaroslav/PhpstormProjects/react-global-mentoring-program/src/components/Result/Toolbar/index.js","statementMap":{},"fnMap":{},"branchMap":{},"s":{},"f":{},"b":{}}
,"/Users/yaroslav/PhpstormProjects/react-global-mentoring-program/src/components/Result/Toolbar/toolbar.js": {"path":"/Users/yaroslav/PhpstormProjects/react-global-mentoring-program/src/components/Result/Toolbar/toolbar.js","statementMap":{"0":{"start":{"line":11,"column":4},"end":{"line":19,"column":6}},"1":{"start":{"line":22,"column":0},"end":{"line":24,"column":1}},"2":{"start":{"line":27,"column":21},"end":{"line":27,"column":26}},"3":{"start":{"line":29,"column":4},"end":{"line":31,"column":5}}},"fnMap":{"0":{"name":"Toolbar","decl":{"start":{"line":9,"column":9},"end":{"line":9,"column":16}},"loc":{"start":{"line":9,"column":32},"end":{"line":20,"column":1}},"line":9},"1":{"name":"mapStateToProps","decl":{"start":{"line":26,"column":9},"end":{"line":26,"column":24}},"loc":{"start":{"line":26,"column":33},"end":{"line":32,"column":1}},"line":26}},"branchMap":{"0":{"loc":{"start":{"line":9,"column":19},"end":{"line":9,"column":28}},"type":"default-arg","locations":[{"start":{"line":9,"column":27},"end":{"line":9,"column":28}}],"line":9}},"s":{"0":0,"1":0,"2":0,"3":0},"f":{"0":0,"1":0},"b":{"0":[0]}}
,"/Users/yaroslav/PhpstormProjects/react-global-mentoring-program/src/components/Search/index.js": {"path":"/Users/yaroslav/PhpstormProjects/react-global-mentoring-program/src/components/Search/index.js","statementMap":{},"fnMap":{},"branchMap":{},"s":{},"f":{},"b":{}}
,"/Users/yaroslav/PhpstormProjects/react-global-mentoring-program/src/components/Search/search.js": {"path":"/Users/yaroslav/PhpstormProjects/react-global-mentoring-program/src/components/Search/search.js","statementMap":{"0":{"start":{"line":11,"column":42},"end":{"line":11,"column":52}},"1":{"start":{"line":12,"column":32},"end":{"line":12,"column":43}},"2":{"start":{"line":13,"column":20},"end":{"line":13,"column":32}},"3":{"start":{"line":14,"column":4},"end":{"line":18,"column":16}},"4":{"start":{"line":15,"column":8},"end":{"line":17,"column":9}},"5":{"start":{"line":16,"column":12},"end":{"line":16,"column":29}},"6":{"start":{"line":19,"column":21},"end":{"line":19,"column":78}},"7":{"start":{"line":19,"column":32},"end":{"line":19,"column":78}},"8":{"start":{"line":20,"column":21},"end":{"line":20,"column":34}},"9":{"start":{"line":21,"column":21},"end":{"line":21,"column":59}},"10":{"start":{"line":21,"column":28},"end":{"line":21,"column":59}},"11":{"start":{"line":22,"column":21},"end":{"line":28,"column":5}},"12":{"start":{"line":23,"column":8},"end":{"line":23,"column":24}},"13":{"start":{"line":24,"column":8},"end":{"line":24,"column":30}},"14":{"start":{"line":25,"column":8},"end":{"line":27,"column":11}},"15":{"start":{"line":30,"column":4},"end":{"line":38,"column":5}}},"fnMap":{"0":{"name":"Search","decl":{"start":{"line":10,"column":9},"end":{"line":10,"column":15}},"loc":{"start":{"line":10,"column":18},"end":{"line":39,"column":1}},"line":10},"1":{"name":"(anonymous_1)","decl":{"start":{"line":14,"column":14},"end":{"line":14,"column":15}},"loc":{"start":{"line":14,"column":26},"end":{"line":18,"column":5}},"line":14},"2":{"name":"(anonymous_2)","decl":{"start":{"line":19,"column":21},"end":{"line":19,"column":22}},"loc":{"start":{"line":19,"column":32},"end":{"line":19,"column":78}},"line":19},"3":{"name":"(anonymous_3)","decl":{"start":{"line":21,"column":21},"end":{"line":21,"column":22}},"loc":{"start":{"line":21,"column":28},"end":{"line":21,"column":59}},"line":21},"4":{"name":"(anonymous_4)","decl":{"start":{"line":22,"column":21},"end":{"line":22,"column":22}},"loc":{"start":{"line":22,"column":37},"end":{"line":28,"column":5}},"line":22}},"branchMap":{"0":{"loc":{"start":{"line":15,"column":8},"end":{"line":17,"column":9}},"type":"if","locations":[{"start":{"line":15,"column":8},"end":{"line":17,"column":9}},{"start":{"line":15,"column":8},"end":{"line":17,"column":9}}],"line":15},"1":{"loc":{"start":{"line":19,"column":45},"end":{"line":19,"column":77}},"type":"cond-expr","locations":[{"start":{"line":19,"column":53},"end":{"line":19,"column":71}},{"start":{"line":19,"column":74},"end":{"line":19,"column":77}}],"line":19},"2":{"loc":{"start":{"line":22,"column":22},"end":{"line":22,"column":32}},"type":"default-arg","locations":[{"start":{"line":22,"column":30},"end":{"line":22,"column":32}}],"line":22}},"s":{"0":0,"1":0,"2":0,"3":0,"4":0,"5":0,"6":0,"7":0,"8":0,"9":0,"10":0,"11":0,"12":0,"13":0,"14":0,"15":0},"f":{"0":0,"1":0,"2":0,"3":0,"4":0},"b":{"0":[0,0],"1":[0,0],"2":[0]}}
,"/Users/yaroslav/PhpstormProjects/react-global-mentoring-program/src/components/TextInput/index.js": {"path":"/Users/yaroslav/PhpstormProjects/react-global-mentoring-program/src/components/TextInput/index.js","statementMap":{},"fnMap":{},"branchMap":{},"s":{},"f":{},"b":{},"_coverageSchema":"1a1c01bbd47fc00a2c39e90264f33305004495a9","hash":"dff955bded1b5056f762f0a84b5aa74ed8184d30"}
,"/Users/yaroslav/PhpstormProjects/react-global-mentoring-program/src/components/TextInput/text-input.js": {"path":"/Users/yaroslav/PhpstormProjects/react-global-mentoring-program/src/components/TextInput/text-input.js","statementMap":{"0":{"start":{"line":5,"column":27},"end":{"line":7,"column":5}},"1":{"start":{"line":9,"column":4},"end":{"line":11,"column":5}},"2":{"start":{"line":10,"column":8},"end":{"line":10,"column":51}},"3":{"start":{"line":13,"column":4},"end":{"line":16,"column":5}}},"fnMap":{"0":{"name":"TextInput","decl":{"start":{"line":4,"column":9},"end":{"line":4,"column":18}},"loc":{"start":{"line":4,"column":81},"end":{"line":17,"column":1}},"line":4}},"branchMap":{"0":{"loc":{"start":{"line":4,"column":61},"end":{"line":4,"column":71}},"type":"default-arg","locations":[{"start":{"line":4,"column":69},"end":{"line":4,"column":71}}],"line":4},"1":{"loc":{"start":{"line":9,"column":4},"end":{"line":11,"column":5}},"type":"if","locations":[{"start":{"line":9,"column":4},"end":{"line":11,"column":5}},{"start":{"line":9,"column":4},"end":{"line":11,"column":5}}],"line":9}},"s":{"0":21,"1":21,"2":1,"3":21},"f":{"0":21},"b":{"0":[1],"1":[1,20]},"_coverageSchema":"1a1c01bbd47fc00a2c39e90264f33305004495a9","hash":"7b1392ce1b7f335cfcc93f6a2987f7b8eb8c2c5f"}
,"/Users/yaroslav/PhpstormProjects/react-global-mentoring-program/src/components/Title/index.js": {"path":"/Users/yaroslav/PhpstormProjects/react-global-mentoring-program/src/components/Title/index.js","statementMap":{},"fnMap":{},"branchMap":{},"s":{},"f":{},"b":{}}
,"/Users/yaroslav/PhpstormProjects/react-global-mentoring-program/src/components/Title/title.js": {"path":"/Users/yaroslav/PhpstormProjects/react-global-mentoring-program/src/components/Title/title.js","statementMap":{"0":{"start":{"line":7,"column":4},"end":{"line":11,"column":5}},"1":{"start":{"line":14,"column":0},"end":{"line":18,"column":1}}},"fnMap":{"0":{"name":"Title","decl":{"start":{"line":6,"column":9},"end":{"line":6,"column":14}},"loc":{"start":{"line":6,"column":47},"end":{"line":12,"column":1}},"line":6}},"branchMap":{"0":{"loc":{"start":{"line":6,"column":29},"end":{"line":6,"column":44}},"type":"default-arg","locations":[{"start":{"line":6,"column":42},"end":{"line":6,"column":44}}],"line":6}},"s":{"0":0,"1":0},"f":{"0":0},"b":{"0":[0]}}
,"/Users/yaroslav/PhpstormProjects/react-global-mentoring-program/src/components/ToggleMenu/index.js": {"path":"/Users/yaroslav/PhpstormProjects/react-global-mentoring-program/src/components/ToggleMenu/index.js","statementMap":{},"fnMap":{},"branchMap":{},"s":{},"f":{},"b":{}}
,"/Users/yaroslav/PhpstormProjects/react-global-mentoring-program/src/components/ToggleMenu/toggle-menu.js": {"path":"/Users/yaroslav/PhpstormProjects/react-global-mentoring-program/src/components/ToggleMenu/toggle-menu.js","statementMap":{"0":{"start":{"line":8,"column":17},"end":{"line":8,"column":29}},"1":{"start":{"line":9,"column":25},"end":{"line":12,"column":5}},"2":{"start":{"line":13,"column":29},"end":{"line":15,"column":5}},"3":{"start":{"line":16,"column":39},"end":{"line":16,"column":61}},"4":{"start":{"line":18,"column":4},"end":{"line":20,"column":5}},"5":{"start":{"line":19,"column":8},"end":{"line":19,"column":62}},"6":{"start":{"line":22,"column":4},"end":{"line":38,"column":5}},"7":{"start":{"line":34,"column":44},"end":{"line":35,"column":102}},"8":{"start":{"line":41,"column":0},"end":{"line":43,"column":2}},"9":{"start":{"line":45,"column":0},"end":{"line":47,"column":2}}},"fnMap":{"0":{"name":"ToggleMenu","decl":{"start":{"line":7,"column":9},"end":{"line":7,"column":19}},"loc":{"start":{"line":7,"column":43},"end":{"line":39,"column":1}},"line":7},"1":{"name":"(anonymous_1)","decl":{"start":{"line":34,"column":30},"end":{"line":34,"column":31}},"loc":{"start":{"line":34,"column":44},"end":{"line":35,"column":102}},"line":34}},"branchMap":{"0":{"loc":{"start":{"line":18,"column":4},"end":{"line":20,"column":5}},"type":"if","locations":[{"start":{"line":18,"column":4},"end":{"line":20,"column":5}},{"start":{"line":18,"column":4},"end":{"line":20,"column":5}}],"line":18}},"s":{"0":0,"1":0,"2":0,"3":0,"4":0,"5":0,"6":0,"7":0,"8":0,"9":0},"f":{"0":0,"1":0},"b":{"0":[0,0]}}
,"/Users/yaroslav/PhpstormProjects/react-global-mentoring-program/src/constants/actions.js": {"path":"/Users/yaroslav/PhpstormProjects/react-global-mentoring-program/src/constants/actions.js","statementMap":{"0":{"start":{"line":1,"column":27},"end":{"line":1,"column":40}},"1":{"start":{"line":2,"column":34},"end":{"line":2,"column":54}},"2":{"start":{"line":3,"column":28},"end":{"line":3,"column":42}},"3":{"start":{"line":4,"column":31},"end":{"line":4,"column":48}},"4":{"start":{"line":5,"column":24},"end":{"line":5,"column":34}},"5":{"start":{"line":6,"column":26},"end":{"line":6,"column":38}},"6":{"start":{"line":7,"column":26},"end":{"line":7,"column":38}}},"fnMap":{},"branchMap":{},"s":{"0":3,"1":3,"2":3,"3":3,"4":3,"5":3,"6":3},"f":{},"b":{},"_coverageSchema":"1a1c01bbd47fc00a2c39e90264f33305004495a9","hash":"8418993e448fd2c72cf7f0c2e37fb181ec6b2194"}
,"/Users/yaroslav/PhpstormProjects/react-global-mentoring-program/src/constants/app.js": {"path":"/Users/yaroslav/PhpstormProjects/react-global-mentoring-program/src/constants/app.js","statementMap":{"0":{"start":{"line":1,"column":24},"end":{"line":1,"column":48}}},"fnMap":{},"branchMap":{},"s":{"0":3},"f":{},"b":{},"_coverageSchema":"1a1c01bbd47fc00a2c39e90264f33305004495a9","hash":"fb6d67a1a3e3fc8d195ce70de9a3803cbadeb0a1"}
,"/Users/yaroslav/PhpstormProjects/react-global-mentoring-program/src/constants/default-props-form.js": {"path":"/Users/yaroslav/PhpstormProjects/react-global-mentoring-program/src/constants/default-props-form.js","statementMap":{"0":{"start":{"line":1,"column":27},"end":{"line":40,"column":1}}},"fnMap":{},"branchMap":{},"s":{"0":2},"f":{},"b":{},"_coverageSchema":"1a1c01bbd47fc00a2c39e90264f33305004495a9","hash":"845b833cabc5dca2675d5a12448591b6461ec5bb"}
,"/Users/yaroslav/PhpstormProjects/react-global-mentoring-program/src/constants/default-value-form.js": {"path":"/Users/yaroslav/PhpstormProjects/react-global-mentoring-program/src/constants/default-value-form.js","statementMap":{"0":{"start":{"line":1,"column":27},"end":{"line":9,"column":1}}},"fnMap":{},"branchMap":{},"s":{"0":2},"f":{},"b":{},"_coverageSchema":"1a1c01bbd47fc00a2c39e90264f33305004495a9","hash":"6fed1a2e396fedc6075eefb9646929291c62ca43"}
,"/Users/yaroslav/PhpstormProjects/react-global-mentoring-program/src/hooks/useDebounce.js": {"path":"/Users/yaroslav/PhpstormProjects/react-global-mentoring-program/src/hooks/useDebounce.js","statementMap":{"0":{"start":{"line":5,"column":48},"end":{"line":5,"column":63}},"1":{"start":{"line":6,"column":4},"end":{"line":20,"column":6}},"2":{"start":{"line":9,"column":28},"end":{"line":11,"column":21}},"3":{"start":{"line":10,"column":16},"end":{"line":10,"column":41}},"4":{"start":{"line":15,"column":12},"end":{"line":17,"column":14}},"5":{"start":{"line":16,"column":16},"end":{"line":16,"column":38}},"6":{"start":{"line":21,"column":4},"end":{"line":21,"column":26}}},"fnMap":{"0":{"name":"useDebounce","decl":{"start":{"line":3,"column":9},"end":{"line":3,"column":20}},"loc":{"start":{"line":3,"column":35},"end":{"line":22,"column":1}},"line":3},"1":{"name":"(anonymous_1)","decl":{"start":{"line":7,"column":8},"end":{"line":7,"column":9}},"loc":{"start":{"line":7,"column":14},"end":{"line":18,"column":9}},"line":7},"2":{"name":"(anonymous_2)","decl":{"start":{"line":9,"column":39},"end":{"line":9,"column":40}},"loc":{"start":{"line":9,"column":45},"end":{"line":11,"column":13}},"line":9},"3":{"name":"(anonymous_3)","decl":{"start":{"line":15,"column":19},"end":{"line":15,"column":20}},"loc":{"start":{"line":15,"column":25},"end":{"line":17,"column":13}},"line":15}},"branchMap":{},"s":{"0":3,"1":3,"2":3,"3":0,"4":3,"5":3,"6":3},"f":{"0":3,"1":3,"2":0,"3":3},"b":{},"_coverageSchema":"1a1c01bbd47fc00a2c39e90264f33305004495a9","hash":"76bf77b62c958f2335653470a948ae9d5f5a0aa7"}
,"/Users/yaroslav/PhpstormProjects/react-global-mentoring-program/src/hooks/useToggle.js": {"path":"/Users/yaroslav/PhpstormProjects/react-global-mentoring-program/src/hooks/useToggle.js","statementMap":{"0":{"start":{"line":3,"column":18},"end":{"line":16,"column":1}},"1":{"start":{"line":4,"column":28},"end":{"line":4,"column":50}},"2":{"start":{"line":6,"column":19},"end":{"line":13,"column":14}},"3":{"start":{"line":7,"column":8},"end":{"line":7,"column":27}},"4":{"start":{"line":8,"column":8},"end":{"line":10,"column":9}},"5":{"start":{"line":9,"column":12},"end":{"line":9,"column":32}},"6":{"start":{"line":12,"column":8},"end":{"line":12,"column":23}},"7":{"start":{"line":15,"column":4},"end":{"line":15,"column":26}}},"fnMap":{"0":{"name":"(anonymous_0)","decl":{"start":{"line":3,"column":18},"end":{"line":3,"column":19}},"loc":{"start":{"line":3,"column":64},"end":{"line":16,"column":1}},"line":3},"1":{"name":"(anonymous_1)","decl":{"start":{"line":6,"column":31},"end":{"line":6,"column":32}},"loc":{"start":{"line":6,"column":38},"end":{"line":13,"column":5}},"line":6}},"branchMap":{"0":{"loc":{"start":{"line":3,"column":19},"end":{"line":3,"column":39}},"type":"default-arg","locations":[{"start":{"line":3,"column":34},"end":{"line":3,"column":39}}],"line":3},"1":{"loc":{"start":{"line":3,"column":41},"end":{"line":3,"column":59}},"type":"default-arg","locations":[{"start":{"line":3,"column":54},"end":{"line":3,"column":59}}],"line":3},"2":{"loc":{"start":{"line":8,"column":8},"end":{"line":10,"column":9}},"type":"if","locations":[{"start":{"line":8,"column":8},"end":{"line":10,"column":9}},{"start":{"line":8,"column":8},"end":{"line":10,"column":9}}],"line":8}},"s":{"0":1,"1":3,"2":3,"3":1,"4":1,"5":1,"6":1,"7":3},"f":{"0":3,"1":1},"b":{"0":[0],"1":[0],"2":[1,0]},"_coverageSchema":"1a1c01bbd47fc00a2c39e90264f33305004495a9","hash":"767588ea7bae635d2c7b3c9fea6c45f58b9223e8"}
,"/Users/yaroslav/PhpstormProjects/react-global-mentoring-program/src/pages/home.js": {"path":"/Users/yaroslav/PhpstormProjects/react-global-mentoring-program/src/pages/home.js","statementMap":{"0":{"start":{"line":6,"column":4},"end":{"line":11,"column":5}}},"fnMap":{"0":{"name":"Home","decl":{"start":{"line":5,"column":9},"end":{"line":5,"column":13}},"loc":{"start":{"line":5,"column":17},"end":{"line":12,"column":1}},"line":5}},"branchMap":{},"s":{"0":0},"f":{"0":0},"b":{}}
,"/Users/yaroslav/PhpstormProjects/react-global-mentoring-program/src/pages/movie-details.js": {"path":"/Users/yaroslav/PhpstormProjects/react-global-mentoring-program/src/pages/movie-details.js","statementMap":{"0":{"start":{"line":7,"column":4},"end":{"line":13,"column":5}}},"fnMap":{"0":{"name":"MovieDetailsPage","decl":{"start":{"line":6,"column":9},"end":{"line":6,"column":25}},"loc":{"start":{"line":6,"column":29},"end":{"line":14,"column":1}},"line":6}},"branchMap":{},"s":{"0":0},"f":{"0":0},"b":{}}
,"/Users/yaroslav/PhpstormProjects/react-global-mentoring-program/src/pages/Error/error.js": {"path":"/Users/yaroslav/PhpstormProjects/react-global-mentoring-program/src/pages/Error/error.js","statementMap":{"0":{"start":{"line":9,"column":20},"end":{"line":9,"column":32}},"1":{"start":{"line":10,"column":19},"end":{"line":10,"column":66}},"2":{"start":{"line":10,"column":37},"end":{"line":10,"column":54}},"3":{"start":{"line":12,"column":4},"end":{"line":23,"column":5}}},"fnMap":{"0":{"name":"Error","decl":{"start":{"line":8,"column":9},"end":{"line":8,"column":14}},"loc":{"start":{"line":8,"column":18},"end":{"line":24,"column":1}},"line":8},"1":{"name":"(anonymous_1)","decl":{"start":{"line":10,"column":31},"end":{"line":10,"column":32}},"loc":{"start":{"line":10,"column":37},"end":{"line":10,"column":54}},"line":10}},"branchMap":{},"s":{"0":0,"1":0,"2":0,"3":0},"f":{"0":0,"1":0},"b":{}}
,"/Users/yaroslav/PhpstormProjects/react-global-mentoring-program/src/pages/Error/index.js": {"path":"/Users/yaroslav/PhpstormProjects/react-global-mentoring-program/src/pages/Error/index.js","statementMap":{},"fnMap":{},"branchMap":{},"s":{},"f":{},"b":{}}
,"/Users/yaroslav/PhpstormProjects/react-global-mentoring-program/src/reducers/app.js": {"path":"/Users/yaroslav/PhpstormProjects/react-global-mentoring-program/src/reducers/app.js","statementMap":{"0":{"start":{"line":2,"column":21},"end":{"line":9,"column":1}},"1":{"start":{"line":10,"column":12},"end":{"line":30,"column":1}},"2":{"start":{"line":11,"column":4},"end":{"line":29,"column":5}},"3":{"start":{"line":13,"column":12},"end":{"line":16,"column":13}},"4":{"start":{"line":18,"column":12},"end":{"line":21,"column":13}},"5":{"start":{"line":23,"column":12},"end":{"line":26,"column":14}},"6":{"start":{"line":28,"column":12},"end":{"line":28,"column":25}}},"fnMap":{"0":{"name":"(anonymous_0)","decl":{"start":{"line":10,"column":12},"end":{"line":10,"column":13}},"loc":{"start":{"line":10,"column":57},"end":{"line":30,"column":1}},"line":10}},"branchMap":{"0":{"loc":{"start":{"line":10,"column":13},"end":{"line":10,"column":33}},"type":"default-arg","locations":[{"start":{"line":10,"column":21},"end":{"line":10,"column":33}}],"line":10},"1":{"loc":{"start":{"line":11,"column":4},"end":{"line":29,"column":5}},"type":"switch","locations":[{"start":{"line":12,"column":8},"end":{"line":16,"column":13}},{"start":{"line":17,"column":8},"end":{"line":21,"column":13}},{"start":{"line":22,"column":8},"end":{"line":26,"column":14}},{"start":{"line":27,"column":8},"end":{"line":28,"column":25}}],"line":11}},"s":{"0":3,"1":3,"2":18,"3":1,"4":1,"5":0,"6":16},"f":{"0":18},"b":{"0":[14],"1":[1,1,0,16]},"_coverageSchema":"1a1c01bbd47fc00a2c39e90264f33305004495a9","hash":"5d68d43f1816bf2c0c512d67cd29862cece93336"}
,"/Users/yaroslav/PhpstormProjects/react-global-mentoring-program/src/reducers/genres.js": {"path":"/Users/yaroslav/PhpstormProjects/react-global-mentoring-program/src/reducers/genres.js","statementMap":{"0":{"start":{"line":1,"column":21},"end":{"line":16,"column":1}},"1":{"start":{"line":18,"column":4},"end":{"line":20,"column":5}},"2":{"start":{"line":19,"column":8},"end":{"line":19,"column":27}},"3":{"start":{"line":22,"column":4},"end":{"line":22,"column":17}}},"fnMap":{"0":{"name":"genres","decl":{"start":{"line":17,"column":24},"end":{"line":17,"column":30}},"loc":{"start":{"line":17,"column":71},"end":{"line":23,"column":1}},"line":17}},"branchMap":{"0":{"loc":{"start":{"line":17,"column":32},"end":{"line":17,"column":52}},"type":"default-arg","locations":[{"start":{"line":17,"column":40},"end":{"line":17,"column":52}}],"line":17},"1":{"loc":{"start":{"line":18,"column":4},"end":{"line":20,"column":5}},"type":"if","locations":[{"start":{"line":18,"column":4},"end":{"line":20,"column":5}},{"start":{"line":18,"column":4},"end":{"line":20,"column":5}}],"line":18}},"s":{"0":3,"1":18,"2":0,"3":18},"f":{"0":18},"b":{"0":[14],"1":[0,18]},"_coverageSchema":"1a1c01bbd47fc00a2c39e90264f33305004495a9","hash":"ff4dc6de1f4f6a6f83c43508b235284145c86ebb"}
,"/Users/yaroslav/PhpstormProjects/react-global-mentoring-program/src/reducers/index.js": {"path":"/Users/yaroslav/PhpstormProjects/react-global-mentoring-program/src/reducers/index.js","statementMap":{"0":{"start":{"line":7,"column":17},"end":{"line":12,"column":2}}},"fnMap":{},"branchMap":{},"s":{"0":3},"f":{},"b":{},"_coverageSchema":"1a1c01bbd47fc00a2c39e90264f33305004495a9","hash":"056a988ae4fe4a8804a785fcbcaa6d4bd8d42ccc"}
,"/Users/yaroslav/PhpstormProjects/react-global-mentoring-program/src/reducers/movie.js": {"path":"/Users/yaroslav/PhpstormProjects/react-global-mentoring-program/src/reducers/movie.js","statementMap":{"0":{"start":{"line":4,"column":4},"end":{"line":9,"column":5}},"1":{"start":{"line":6,"column":12},"end":{"line":6,"column":27}},"2":{"start":{"line":8,"column":12},"end":{"line":8,"column":25}}},"fnMap":{"0":{"name":"movieDetails","decl":{"start":{"line":3,"column":24},"end":{"line":3,"column":36}},"loc":{"start":{"line":3,"column":67},"end":{"line":10,"column":1}},"line":3}},"branchMap":{"0":{"loc":{"start":{"line":3,"column":38},"end":{"line":3,"column":48}},"type":"default-arg","locations":[{"start":{"line":3,"column":46},"end":{"line":3,"column":48}}],"line":3},"1":{"loc":{"start":{"line":4,"column":4},"end":{"line":9,"column":5}},"type":"switch","locations":[{"start":{"line":5,"column":8},"end":{"line":6,"column":27}},{"start":{"line":7,"column":8},"end":{"line":8,"column":25}}],"line":4}},"s":{"0":18,"1":0,"2":18},"f":{"0":18},"b":{"0":[14],"1":[0,18]},"_coverageSchema":"1a1c01bbd47fc00a2c39e90264f33305004495a9","hash":"6a87c7c5bde339552e52d9c9bf743b16a7749813"}
,"/Users/yaroslav/PhpstormProjects/react-global-mentoring-program/src/reducers/movies.js": {"path":"/Users/yaroslav/PhpstormProjects/react-global-mentoring-program/src/reducers/movies.js","statementMap":{"0":{"start":{"line":3,"column":15},"end":{"line":12,"column":1}},"1":{"start":{"line":4,"column":4},"end":{"line":11,"column":5}},"2":{"start":{"line":6,"column":12},"end":{"line":6,"column":36}},"3":{"start":{"line":8,"column":12},"end":{"line":8,"column":62}},"4":{"start":{"line":8,"column":41},"end":{"line":8,"column":61}},"5":{"start":{"line":10,"column":12},"end":{"line":10,"column":25}}},"fnMap":{"0":{"name":"(anonymous_0)","decl":{"start":{"line":3,"column":15},"end":{"line":3,"column":16}},"loc":{"start":{"line":3,"column":48},"end":{"line":12,"column":1}},"line":3},"1":{"name":"(anonymous_1)","decl":{"start":{"line":8,"column":32},"end":{"line":8,"column":33}},"loc":{"start":{"line":8,"column":41},"end":{"line":8,"column":61}},"line":8}},"branchMap":{"0":{"loc":{"start":{"line":3,"column":16},"end":{"line":3,"column":26}},"type":"default-arg","locations":[{"start":{"line":3,"column":24},"end":{"line":3,"column":26}}],"line":3},"1":{"loc":{"start":{"line":4,"column":4},"end":{"line":11,"column":5}},"type":"switch","locations":[{"start":{"line":5,"column":8},"end":{"line":6,"column":36}},{"start":{"line":7,"column":8},"end":{"line":8,"column":62}},{"start":{"line":9,"column":8},"end":{"line":10,"column":25}}],"line":4}},"s":{"0":3,"1":18,"2":2,"3":0,"4":0,"5":16},"f":{"0":18,"1":0},"b":{"0":[14],"1":[2,0,16]},"_coverageSchema":"1a1c01bbd47fc00a2c39e90264f33305004495a9","hash":"232ccba7170538205903f5f303d807005eedeebd"}
,"/Users/yaroslav/PhpstormProjects/react-global-mentoring-program/src/validation-scheme/index.js": {"path":"/Users/yaroslav/PhpstormProjects/react-global-mentoring-program/src/validation-scheme/index.js","statementMap":{"0":{"start":{"line":3,"column":32},"end":{"line":11,"column":2}}},"fnMap":{},"branchMap":{},"s":{"0":2},"f":{},"b":{},"_coverageSchema":"1a1c01bbd47fc00a2c39e90264f33305004495a9","hash":"d8ba95a829115127789abd77aeb5c2f95410d9f7"}
}
