TN:
SF:src/index.js
FNF:0
FNH:0
DA:7,0
LF:1
LH:0
BRF:0
BRH:0
end_of_record
TN:
SF:src/store.js
FN:12,(anonymous_0)
FNF:1
FNH:0
FNDA:0,(anonymous_0)
DA:5,0
DA:9,0
DA:12,0
DA:13,0
DA:16,0
LF:5
LH:0
BRDA:5,0,0,0
BRDA:5,0,1,0
BRDA:5,1,0,0
BRDA:5,1,1,0
BRF:4
BRH:0
end_of_record
TN:
SF:src/actions/api.js
FN:3,loadMovies
FN:5,(anonymous_1)
FN:9,loadMovieDetailsRequest
FN:11,(anonymous_3)
FN:15,createMovieRequest
FN:15,(anonymous_5)
FN:25,editMovieRequest
FN:25,(anonymous_7)
FN:35,removeMovieRequest
FN:41,getUrl
FN:44,(anonymous_10)
FNF:11
FNH:0
FNDA:0,loadMovies
FNDA:0,(anonymous_1)
FNDA:0,loadMovieDetailsRequest
FNDA:0,(anonymous_3)
FNDA:0,createMovieRequest
FNDA:0,(anonymous_5)
FNDA:0,editMovieRequest
FNDA:0,(anonymous_7)
FNDA:0,removeMovieRequest
FNDA:0,getUrl
FNDA:0,(anonymous_10)
DA:4,0
DA:5,0
DA:10,0
DA:11,0
DA:16,0
DA:26,0
DA:36,0
DA:42,0
DA:43,0
DA:44,0
DA:47,0
LF:11
LH:0
BRDA:15,0,0,0
BRDA:25,1,0,0
BRDA:41,2,0,0
BRDA:47,3,0,0
BRDA:47,3,1,0
BRF:5
BRH:0
end_of_record
TN:
SF:src/actions/app.js
FN:3,(anonymous_0)
FN:8,(anonymous_1)
FN:13,(anonymous_2)
FNF:3
FNH:2
FNDA:1,(anonymous_0)
FNDA:0,(anonymous_1)
FNDA:1,(anonymous_2)
DA:3,1
DA:8,1
DA:13,1
LF:3
LH:3
BRF:0
BRH:0
end_of_record
TN:
SF:src/actions/movie.js
FN:3,(anonymous_0)
FN:8,(anonymous_1)
FN:13,(anonymous_2)
FNF:3
FNH:1
FNDA:0,(anonymous_0)
FNDA:2,(anonymous_1)
FNDA:0,(anonymous_2)
DA:3,3
DA:8,3
DA:13,3
LF:3
LH:3
BRF:0
BRH:0
end_of_record
TN:
SF:src/components/AddMovie/add-movie.js
FN:8,AddMovie
FNF:1
FNH:1
FNDA:3,AddMovie
DA:9,3
DA:10,3
DA:11,3
LF:3
LH:3
BRDA:16,0,0,3
BRDA:16,0,1,1
BRF:2
BRH:2
end_of_record
TN:
SF:src/components/AddMovie/index.js
FNF:0
FNH:0
LF:0
LH:0
BRF:0
BRH:0
end_of_record
TN:
SF:src/components/AddMoviePopup/add-movie-popup.js
FN:11,AddMoviePopup
FN:20,(anonymous_1)
FN:25,(anonymous_2)
FN:29,(anonymous_3)
FN:35,(anonymous_4)
FN:49,(anonymous_5)
FN:50,(anonymous_6)
FN:51,(anonymous_7)
FN:71,mapStateToProps
FNF:9
FNH:5
FNDA:4,AddMoviePopup
FNDA:1,(anonymous_1)
FNDA:1,(anonymous_2)
FNDA:1,(anonymous_3)
FNDA:0,(anonymous_4)
FNDA:0,(anonymous_5)
FNDA:0,(anonymous_6)
FNDA:0,(anonymous_7)
FNDA:4,mapStateToProps
DA:19,4
DA:20,4
DA:21,1
DA:23,1
DA:25,4
DA:26,1
DA:28,1
DA:29,1
DA:30,1
DA:32,1
DA:33,1
DA:35,0
DA:37,4
DA:49,4
DA:50,0
DA:51,0
DA:53,0
DA:57,4
DA:72,4
DA:74,4
LF:20
LH:16
BRDA:32,0,0,1
BRDA:32,0,1,0
BRF:2
BRH:1
end_of_record
TN:
SF:src/components/AddMoviePopup/index.js
FNF:0
FNH:0
LF:0
LH:0
BRF:0
BRH:0
end_of_record
TN:
SF:src/components/App/app.js
FN:10,App
FNF:1
FNH:0
FNDA:0,App
DA:11,0
DA:29,0
LF:2
LH:0
BRF:0
BRH:0
end_of_record
TN:
SF:src/components/App/index.js
FNF:0
FNH:0
LF:0
LH:0
BRF:0
BRH:0
end_of_record
TN:
SF:src/components/Button/button.js
FN:6,Button
FNF:1
FNH:1
FNDA:11,Button
DA:7,11
DA:12,11
DA:14,4
DA:15,4
DA:17,4
DA:18,4
DA:20,3
DA:21,3
DA:24,11
DA:31,2
DA:35,2
LF:11
LH:11
BRDA:12,0,0,4
BRDA:12,0,1,4
BRDA:12,0,2,3
BRF:3
BRH:3
end_of_record
TN:
SF:src/components/Button/index.js
FNF:0
FNH:0
LF:0
LH:0
BRF:0
BRH:0
end_of_record
TN:
SF:src/components/Container/container.js
FN:5,Container
FNF:1
FNH:0
FNDA:0,Container
DA:6,0
DA:10,0
DA:11,0
DA:14,0
DA:15,0
DA:18,0
DA:25,0
DA:33,0
LF:8
LH:0
BRDA:10,0,0,0
BRDA:10,0,1,0
BRDA:14,1,0,0
BRDA:14,1,1,0
BRF:4
BRH:0
end_of_record
TN:
SF:src/components/Container/index.js
FNF:0
FNH:0
LF:0
LH:0
BRF:0
BRH:0
end_of_record
TN:
SF:src/components/Content/content.js
FN:6,Content
FNF:1
FNH:0
FNDA:0,Content
DA:7,0
LF:1
LH:0
BRF:0
BRH:0
end_of_record
TN:
SF:src/components/Content/index.js
FNF:0
FNH:0
LF:0
LH:0
BRF:0
BRH:0
end_of_record
TN:
SF:src/components/DateInput/date-input.js
FN:5,DateInput
FNF:1
FNH:1
FNDA:5,DateInput
DA:6,5
DA:10,5
DA:11,1
DA:14,5
LF:4
LH:4
BRDA:5,0,0,1
BRDA:10,1,0,1
BRDA:10,1,1,4
BRF:3
BRH:3
end_of_record
TN:
SF:src/components/DateInput/index.js
FNF:0
FNH:0
LF:0
LH:0
BRF:0
BRH:0
end_of_record
TN:
SF:src/components/DeleteMoviePopup/delete-movie-popup.js
FN:7,DeleteMoviePopup
FN:13,(anonymous_1)
FN:18,(anonymous_2)
FN:20,(anonymous_3)
FN:36,mapStateToProps
FNF:5
FNH:0
FNDA:0,DeleteMoviePopup
FNDA:0,(anonymous_1)
FNDA:0,(anonymous_2)
FNDA:0,(anonymous_3)
FNDA:0,mapStateToProps
DA:12,0
DA:13,0
DA:14,0
DA:19,0
DA:20,0
DA:21,0
DA:27,0
DA:37,0
DA:39,0
LF:9
LH:0
BRF:0
BRH:0
end_of_record
TN:
SF:src/components/DeleteMoviePopup/index.js
FNF:0
FNH:0
LF:0
LH:0
BRF:0
BRH:0
end_of_record
TN:
SF:src/components/EditMoviePopup/edit-movie-popup.js
FN:11,EditMoviePopup
FN:21,(anonymous_1)
FN:24,(anonymous_2)
FN:26,(anonymous_3)
FN:31,(anonymous_4)
FN:35,(anonymous_5)
FN:55,(anonymous_6)
FN:56,(anonymous_7)
FN:57,(anonymous_8)
FN:81,mapStateToProps
FNF:10
FNH:0
FNDA:0,EditMoviePopup
FNDA:0,(anonymous_1)
FNDA:0,(anonymous_2)
FNDA:0,(anonymous_3)
FNDA:0,(anonymous_4)
FNDA:0,(anonymous_5)
FNDA:0,(anonymous_6)
FNDA:0,(anonymous_7)
FNDA:0,(anonymous_8)
FNDA:0,mapStateToProps
DA:18,0
DA:19,0
DA:20,0
DA:21,0
DA:22,0
DA:24,0
DA:26,0
DA:27,0
DA:29,0
DA:31,0
DA:32,0
DA:34,0
DA:35,0
DA:36,0
DA:38,0
DA:39,0
DA:43,0
DA:55,0
DA:56,0
DA:57,0
DA:59,0
DA:63,0
DA:64,0
DA:67,0
DA:82,0
DA:84,0
LF:26
LH:0
BRDA:38,0,0,0
BRDA:38,0,1,0
BRDA:63,1,0,0
BRDA:63,1,1,0
BRF:4
BRH:0
end_of_record
TN:
SF:src/components/EditMoviePopup/index.js
FNF:0
FNH:0
LF:0
LH:0
BRF:0
BRH:0
end_of_record
TN:
SF:src/components/ErrorBoundary/error-boundary.js
FN:4,ErrorText
FN:23,(anonymous_1)
FN:27,(anonymous_2)
FNF:3
FNH:0
FNDA:0,ErrorText
FNDA:0,(anonymous_1)
FNDA:0,(anonymous_2)
DA:5,0
DA:17,0
DA:24,0
DA:28,0
LF:4
LH:0
BRDA:9,0,0,0
BRDA:9,0,1,0
BRDA:28,1,0,0
BRDA:28,1,1,0
BRDA:28,2,0,0
BRDA:28,2,1,0
BRF:6
BRH:0
end_of_record
TN:
SF:src/components/ErrorBoundary/index.js
FNF:0
FNH:0
LF:0
LH:0
BRF:0
BRH:0
end_of_record
TN:
SF:src/components/Field/field.js
FN:7,Field
FNF:1
FNH:1
FNDA:28,Field
DA:8,28
DA:19,28
DA:20,0
DA:23,28
DA:32,28
LF:5
LH:4
BRDA:7,0,0,16
BRDA:7,1,0,24
BRDA:19,2,0,0
BRDA:19,2,1,28
BRDA:38,3,0,28
BRDA:38,3,1,0
BRDA:38,3,2,0
BRF:7
BRH:4
end_of_record
TN:
SF:src/components/Field/index.js
FNF:0
FNH:0
LF:0
LH:0
BRF:0
BRH:0
end_of_record
TN:
SF:src/components/Footer/footer.js
FN:6,Footer
FNF:1
FNH:0
FNDA:0,Footer
DA:7,0
DA:9,0
LF:2
LH:0
BRF:0
BRH:0
end_of_record
TN:
SF:src/components/Footer/index.js
FNF:0
FNH:0
LF:0
LH:0
BRF:0
BRH:0
end_of_record
TN:
SF:src/components/Form/form.js
FN:6,FormWrap
FN:14,(anonymous_1)
FN:19,(anonymous_2)
FN:33,(anonymous_3)
FNF:4
FNH:3
FNDA:4,FormWrap
FNDA:3,(anonymous_1)
FNDA:28,(anonymous_2)
FNDA:0,(anonymous_3)
DA:7,4
DA:8,4
DA:14,4
DA:19,4
DA:20,28
DA:30,28
DA:31,4
DA:32,4
DA:33,4
DA:36,28
DA:39,4
LF:11
LH:11
BRDA:30,0,0,4
BRDA:30,0,1,24
BRF:2
BRH:2
end_of_record
TN:
SF:src/components/Form/index.js
FNF:0
FNH:0
LF:0
LH:0
BRF:0
BRH:0
end_of_record
TN:
SF:src/components/Header/header.js
FN:8,Header
FNF:1
FNH:0
FNDA:0,Header
DA:9,0
LF:1
LH:0
BRF:0
BRH:0
end_of_record
TN:
SF:src/components/Header/index.js
FNF:0
FNH:0
LF:0
LH:0
BRF:0
BRH:0
end_of_record
TN:
SF:src/components/Heading/heading.js
FN:5,Heading
FNF:1
FNH:1
FNDA:8,Heading
DA:6,8
DA:7,8
DA:8,8
DA:13,8
DA:15,8
DA:22,3
LF:6
LH:6
BRDA:6,0,0,3
BRF:1
BRH:1
end_of_record
TN:
SF:src/components/Heading/index.js
FNF:0
FNH:0
LF:0
LH:0
BRF:0
BRH:0
end_of_record
TN:
SF:src/components/Item/index.js
FNF:0
FNH:0
LF:0
LH:0
BRF:0
BRH:0
end_of_record
TN:
SF:src/components/Item/item.js
FN:13,Item
FNF:1
FNH:0
FNDA:0,Item
DA:20,0
DA:21,0
DA:43,0
DA:47,0
LF:4
LH:0
BRF:0
BRH:0
end_of_record
TN:
SF:src/components/Item/Date/date.js
FN:4,DateComponent
FNF:1
FNH:0
FNDA:0,DateComponent
DA:5,0
DA:7,0
DA:9,0
DA:16,0
LF:4
LH:0
BRF:0
BRH:0
end_of_record
TN:
SF:src/components/Item/Date/index.js
FNF:0
FNH:0
LF:0
LH:0
BRF:0
BRH:0
end_of_record
TN:
SF:src/components/Item/Delete/delete.js
FN:6,Delete
FNF:1
FNH:0
FNDA:0,Delete
DA:7,0
DA:9,0
LF:2
LH:0
BRDA:12,0,0,0
BRDA:12,0,1,0
BRF:2
BRH:0
end_of_record
TN:
SF:src/components/Item/Delete/index.js
FNF:0
FNH:0
LF:0
LH:0
BRF:0
BRH:0
end_of_record
TN:
SF:src/components/Item/Edit/edit.js
FN:6,Edit
FNF:1
FNH:0
FNDA:0,Edit
DA:7,0
DA:8,0
LF:2
LH:0
BRDA:11,0,0,0
BRDA:11,0,1,0
BRF:2
BRH:0
end_of_record
TN:
SF:src/components/Item/Edit/index.js
FNF:0
FNH:0
LF:0
LH:0
BRF:0
BRH:0
end_of_record
TN:
SF:src/components/Item/Genre/genre.js
FN:5,Genre
FNF:1
FNH:0
FNDA:0,Genre
DA:6,0
DA:13,0
LF:2
LH:0
BRF:0
BRH:0
end_of_record
TN:
SF:src/components/Item/Genre/index.js
FNF:0
FNH:0
LF:0
LH:0
BRF:0
BRH:0
end_of_record
TN:
SF:src/components/Item/Image/image.js
FN:5,Image
FNF:1
FNH:0
FNDA:0,Image
DA:6,0
DA:21,0
DA:28,0
LF:3
LH:0
BRF:0
BRH:0
end_of_record
TN:
SF:src/components/ItemList/index.js
FNF:0
FNH:0
LF:0
LH:0
BRF:0
BRH:0
end_of_record
TN:
SF:src/components/ItemList/item-list.js
FN:9,ItemList
FN:14,(anonymous_1)
FN:30,mapStateToProps
FNF:3
FNH:0
FNDA:0,ItemList
FNDA:0,(anonymous_1)
FNDA:0,mapStateToProps
DA:10,0
DA:12,0
DA:15,0
DA:16,0
DA:19,0
DA:26,0
DA:31,0
DA:33,0
LF:8
LH:0
BRDA:14,0,0,0
BRDA:14,0,1,0
BRDA:15,1,0,0
BRDA:15,1,1,0
BRF:4
BRH:0
end_of_record
TN:
SF:src/components/Logo/index.js
FNF:0
FNH:0
LF:0
LH:0
BRF:0
BRH:0
end_of_record
TN:
SF:src/components/Logo/logo.js
FN:6,Logo
FNF:1
FNH:0
FNDA:0,Logo
DA:14,0
DA:21,0
DA:28,0
LF:3
LH:0
BRF:0
BRH:0
end_of_record
TN:
SF:src/components/MovieDetails/index.js
FNF:0
FNH:0
LF:0
LH:0
BRF:0
BRH:0
end_of_record
TN:
SF:src/components/MovieDetails/movie-details.js
FN:16,MovieDetails
FN:21,(anonymous_1)
FN:25,(anonymous_2)
FN:75,mapStateToProps
FNF:4
FNH:0
FNDA:0,MovieDetails
FNDA:0,(anonymous_1)
FNDA:0,(anonymous_2)
FNDA:0,mapStateToProps
DA:19,0
DA:20,0
DA:21,0
DA:22,0
DA:23,0
DA:25,0
DA:26,0
DA:29,0
DA:76,0
DA:77,0
LF:10
LH:0
BRF:0
BRH:0
end_of_record
TN:
SF:src/components/MultiSelect/index.js
FNF:0
FNH:0
LF:0
LH:0
BRF:0
BRH:0
end_of_record
TN:
SF:src/components/MultiSelect/multi-select.js
FN:6,MultiSelect
FN:20,(anonymous_1)
FN:26,(anonymous_2)
FN:31,(anonymous_3)
FN:37,(anonymous_4)
FN:47,(anonymous_5)
FN:63,(anonymous_6)
FNF:7
FNH:6
FNDA:11,MultiSelect
FNDA:3,(anonymous_1)
FNDA:1,(anonymous_2)
FNDA:0,(anonymous_3)
FNDA:7,(anonymous_4)
FNDA:1,(anonymous_5)
FNDA:6,(anonymous_6)
DA:7,11
DA:8,11
DA:9,11
DA:12,11
DA:16,11
DA:17,1
DA:20,11
DA:21,3
DA:22,3
DA:26,11
DA:27,1
DA:28,1
DA:30,1
DA:31,0
DA:33,1
DA:35,1
DA:37,11
DA:39,11
DA:40,2
DA:43,11
DA:48,1
DA:49,1
DA:64,6
DA:83,3
LF:24
LH:23
BRDA:16,0,0,1
BRDA:16,0,1,10
BRDA:30,1,0,0
BRDA:30,1,1,1
BRDA:39,2,0,2
BRDA:39,2,1,9
BRDA:45,3,0,1
BRDA:45,3,1,10
BRDA:48,4,0,1
BRDA:48,4,1,0
BRDA:62,5,0,11
BRDA:62,5,1,11
BRDA:62,5,2,2
BRF:13
BRH:11
end_of_record
TN:
SF:src/components/Popup/index.js
FNF:0
FNH:0
LF:0
LH:0
BRF:0
BRH:0
end_of_record
TN:
SF:src/components/Popup/popup.js
FN:8,Popup
FN:12,(anonymous_1)
FN:23,(anonymous_2)
FNF:3
FNH:3
FNDA:4,Popup
FNDA:2,(anonymous_1)
FNDA:8,(anonymous_2)
DA:9,4
DA:11,4
DA:12,2
DA:23,8
LF:4
LH:4
BRF:0
BRH:0
end_of_record
TN:
SF:src/components/PopupContainer/index.js
FNF:0
FNH:0
LF:0
LH:0
BRF:0
BRH:0
end_of_record
TN:
SF:src/components/PopupContainer/popup-container.js
FN:6,PopupContainer
FN:7,(anonymous_1)
FN:9,(anonymous_2)
FN:11,(anonymous_3)
FN:14,(anonymous_4)
FNF:5
FNH:5
FNDA:1,PopupContainer
FNDA:1,(anonymous_1)
FNDA:2,(anonymous_2)
FNDA:1,(anonymous_3)
FNDA:1,(anonymous_4)
DA:7,1
DA:8,1
DA:9,2
DA:11,1
DA:12,1
DA:13,1
DA:14,1
DA:15,1
DA:16,1
DA:20,1
LF:10
LH:10
BRF:0
BRH:0
end_of_record
TN:
SF:src/components/Rating/index.js
FNF:0
FNH:0
LF:0
LH:0
BRF:0
BRH:0
end_of_record
TN:
SF:src/components/Rating/rating.js
FN:4,Rating
FNF:1
FNH:0
FNDA:0,Rating
DA:5,0
DA:9,0
DA:10,0
DA:11,0
DA:12,0
DA:14,0
DA:17,0
LF:7
LH:0
BRDA:9,0,0,0
BRDA:9,0,1,0
BRDA:11,1,0,0
BRDA:11,1,1,0
BRF:4
BRH:0
end_of_record
TN:
SF:src/components/Result/index.js
FNF:0
FNH:0
LF:0
LH:0
BRF:0
BRH:0
end_of_record
TN:
SF:src/components/Result/result.js
FN:6,Result
FNF:1
FNH:0
FNDA:0,Result
DA:7,0
LF:1
LH:0
BRF:0
BRH:0
end_of_record
TN:
SF:src/components/Result/Counter/counter.js
FN:4,Counter
FNF:1
FNH:0
FNDA:0,Counter
DA:5,0
DA:7,0
LF:2
LH:0
BRF:0
BRH:0
end_of_record
TN:
SF:src/components/Result/Counter/index.js
FNF:0
FNH:0
LF:0
LH:0
BRF:0
BRH:0
end_of_record
TN:
SF:src/components/Result/Filter/filter.js
FN:8,Filter
FN:16,(anonymous_1)
FN:24,(anonymous_2)
FN:43,mapStateToProps
FNF:4
FNH:4
FNDA:3,Filter
FNDA:1,(anonymous_1)
FNDA:45,(anonymous_2)
FNDA:3,mapStateToProps
DA:9,3
DA:10,3
DA:11,3
DA:15,3
DA:16,3
DA:17,1
DA:22,3
DA:25,45
DA:26,45
DA:30,45
DA:31,45
DA:33,45
DA:34,3
DA:37,45
DA:44,3
DA:46,3
LF:16
LH:16
BRDA:31,0,0,3
BRDA:31,0,1,42
BRDA:33,1,0,3
BRDA:33,1,1,42
BRF:4
BRH:4
end_of_record
TN:
SF:src/components/Result/Filter/index.js
FNF:0
FNH:0
LF:0
LH:0
BRF:0
BRH:0
end_of_record
TN:
SF:src/components/Result/Sorter/index.js
FNF:0
FNH:0
LF:0
LH:0
BRF:0
BRH:0
end_of_record
TN:
SF:src/components/Result/Sorter/sorter.js
FN:10,Sorter
FN:30,(anonymous_1)
FN:32,(anonymous_2)
FN:39,(anonymous_3)
FN:50,(anonymous_4)
FN:57,mapStateToProps
FNF:6
FNH:6
FNDA:3,Sorter
FNDA:2,(anonymous_1)
FNDA:2,(anonymous_2)
FNDA:1,(anonymous_3)
FNDA:9,(anonymous_4)
FNDA:5,mapStateToProps
DA:11,3
DA:12,3
DA:13,3
DA:30,3
DA:31,3
DA:32,3
DA:33,2
DA:34,0
DA:36,2
DA:39,3
DA:40,1
DA:46,3
DA:51,9
DA:58,5
DA:60,5
LF:15
LH:14
BRDA:33,0,0,0
BRDA:33,0,1,2
BRF:2
BRH:1
end_of_record
TN:
SF:src/components/Result/Toolbar/index.js
FNF:0
FNH:0
LF:0
LH:0
BRF:0
BRH:0
end_of_record
TN:
SF:src/components/Result/Toolbar/toolbar.js
FN:9,Toolbar
FN:26,mapStateToProps
FNF:2
FNH:0
FNDA:0,Toolbar
FNDA:0,mapStateToProps
DA:11,0
DA:22,0
DA:27,0
DA:29,0
LF:4
LH:0
BRDA:9,0,0,0
BRF:1
BRH:0
end_of_record
TN:
SF:src/components/Search/index.js
FNF:0
FNH:0
LF:0
LH:0
BRF:0
BRH:0
end_of_record
TN:
SF:src/components/Search/search.js
FN:10,Search
FN:14,(anonymous_1)
FN:19,(anonymous_2)
FN:21,(anonymous_3)
FN:22,(anonymous_4)
FNF:5
FNH:0
FNDA:0,Search
FNDA:0,(anonymous_1)
FNDA:0,(anonymous_2)
FNDA:0,(anonymous_3)
FNDA:0,(anonymous_4)
DA:11,0
DA:12,0
DA:13,0
DA:14,0
DA:15,0
DA:16,0
DA:19,0
DA:20,0
DA:21,0
DA:22,0
DA:23,0
DA:24,0
DA:25,0
DA:30,0
LF:14
LH:0
BRDA:15,0,0,0
BRDA:15,0,1,0
BRDA:19,1,0,0
BRDA:19,1,1,0
BRDA:22,2,0,0
BRF:5
BRH:0
end_of_record
TN:
SF:src/components/TextInput/index.js
FNF:0
FNH:0
LF:0
LH:0
BRF:0
BRH:0
end_of_record
TN:
SF:src/components/TextInput/text-input.js
FN:4,TextInput
FNF:1
FNH:1
FNDA:21,TextInput
DA:5,21
DA:9,21
DA:10,1
DA:13,21
LF:4
LH:4
BRDA:4,0,0,1
BRDA:9,1,0,1
BRDA:9,1,1,20
BRF:3
BRH:3
end_of_record
TN:
SF:src/components/Title/index.js
FNF:0
FNH:0
LF:0
LH:0
BRF:0
BRH:0
end_of_record
TN:
SF:src/components/Title/title.js
FN:6,Title
FNF:1
FNH:0
FNDA:0,Title
DA:7,0
DA:14,0
LF:2
LH:0
BRDA:6,0,0,0
BRF:1
BRH:0
end_of_record
TN:
SF:src/components/ToggleMenu/index.js
FNF:0
FNH:0
LF:0
LH:0
BRF:0
BRH:0
end_of_record
TN:
SF:src/components/ToggleMenu/toggle-menu.js
FN:7,ToggleMenu
FN:34,(anonymous_1)
FNF:2
FNH:0
FNDA:0,ToggleMenu
FNDA:0,(anonymous_1)
DA:8,0
DA:9,0
DA:13,0
DA:16,0
DA:18,0
DA:19,0
DA:22,0
DA:34,0
DA:41,0
DA:45,0
LF:10
LH:0
BRDA:18,0,0,0
BRDA:18,0,1,0
BRF:2
BRH:0
end_of_record
TN:
SF:src/constants/actions.js
FNF:0
FNH:0
DA:1,3
DA:2,3
DA:3,3
DA:4,3
DA:5,3
DA:6,3
DA:7,3
LF:7
LH:7
BRF:0
BRH:0
end_of_record
TN:
SF:src/constants/app.js
FNF:0
FNH:0
DA:1,3
LF:1
LH:1
BRF:0
BRH:0
end_of_record
TN:
SF:src/constants/default-props-form.js
FNF:0
FNH:0
DA:1,2
LF:1
LH:1
BRF:0
BRH:0
end_of_record
TN:
SF:src/constants/default-value-form.js
FNF:0
FNH:0
DA:1,2
LF:1
LH:1
BRF:0
BRH:0
end_of_record
TN:
SF:src/hooks/useDebounce.js
FN:3,useDebounce
FN:7,(anonymous_1)
FN:9,(anonymous_2)
FN:15,(anonymous_3)
FNF:4
FNH:3
FNDA:3,useDebounce
FNDA:3,(anonymous_1)
FNDA:0,(anonymous_2)
FNDA:3,(anonymous_3)
DA:5,3
DA:6,3
DA:9,3
DA:10,0
DA:15,3
DA:16,3
DA:21,3
LF:7
LH:6
BRF:0
BRH:0
end_of_record
TN:
SF:src/hooks/useToggle.js
FN:3,(anonymous_0)
FN:6,(anonymous_1)
FNF:2
FNH:2
FNDA:3,(anonymous_0)
FNDA:1,(anonymous_1)
DA:3,1
DA:4,3
DA:6,3
DA:7,1
DA:8,1
DA:9,1
DA:12,1
DA:15,3
LF:8
LH:8
BRDA:3,0,0,0
BRDA:3,1,0,0
BRDA:8,2,0,1
BRDA:8,2,1,0
BRF:4
BRH:1
end_of_record
TN:
SF:src/pages/home.js
FN:5,Home
FNF:1
FNH:0
FNDA:0,Home
DA:6,0
LF:1
LH:0
BRF:0
BRH:0
end_of_record
TN:
SF:src/pages/movie-details.js
FN:6,MovieDetailsPage
FNF:1
FNH:0
FNDA:0,MovieDetailsPage
DA:7,0
LF:1
LH:0
BRF:0
BRH:0
end_of_record
TN:
SF:src/pages/Error/error.js
FN:8,Error
FN:10,(anonymous_1)
FNF:2
FNH:0
FNDA:0,Error
FNDA:0,(anonymous_1)
DA:9,0
DA:10,0
DA:12,0
LF:3
LH:0
BRF:0
BRH:0
end_of_record
TN:
SF:src/pages/Error/index.js
FNF:0
FNH:0
LF:0
LH:0
BRF:0
BRH:0
end_of_record
TN:
SF:src/reducers/app.js
FN:10,(anonymous_0)
FNF:1
FNH:1
FNDA:18,(anonymous_0)
DA:2,3
DA:10,3
DA:11,18
DA:13,1
DA:18,1
DA:23,0
DA:28,16
LF:7
LH:6
BRDA:10,0,0,14
BRDA:11,1,0,1
BRDA:11,1,1,1
BRDA:11,1,2,0
BRDA:11,1,3,16
BRF:5
BRH:4
end_of_record
TN:
SF:src/reducers/genres.js
FN:17,genres
FNF:1
FNH:1
FNDA:18,genres
DA:1,3
DA:18,18
DA:19,0
DA:22,18
LF:4
LH:3
BRDA:17,0,0,14
BRDA:18,1,0,0
BRDA:18,1,1,18
BRF:3
BRH:2
end_of_record
TN:
SF:src/reducers/index.js
FNF:0
FNH:0
DA:7,3
LF:1
LH:1
BRF:0
BRH:0
end_of_record
TN:
SF:src/reducers/movie.js
FN:3,movieDetails
FNF:1
FNH:1
FNDA:18,movieDetails
DA:4,18
DA:6,0
DA:8,18
LF:3
LH:2
BRDA:3,0,0,14
BRDA:4,1,0,0
BRDA:4,1,1,18
BRF:3
BRH:2
end_of_record
TN:
SF:src/reducers/movies.js
FN:3,(anonymous_0)
FN:8,(anonymous_1)
FNF:2
FNH:1
FNDA:18,(anonymous_0)
FNDA:0,(anonymous_1)
DA:3,3
DA:4,18
DA:6,2
DA:8,0
DA:10,16
LF:5
LH:4
BRDA:3,0,0,14
BRDA:4,1,0,2
BRDA:4,1,1,0
BRDA:4,1,2,16
BRF:4
BRH:3
end_of_record
TN:
SF:src/validation-scheme/index.js
FNF:0
FNH:0
DA:3,2
LF:1
LH:1
BRF:0
BRH:0
end_of_record
